[2025-07-24 16:27:10.889 +03:00  WRN]  The WebRootPath was not found: D:\ItravelWebsite\API\ITravel_App\ITravel_App\wwwroot. Static files may be unavailable.
[2025-07-24 16:27:11.643 +03:00  INF]  Now listening on: https://localhost:7045
[2025-07-24 16:27:11.644 +03:00  INF]  Now listening on: http://localhost:5124
[2025-07-24 16:27:12.086 +03:00  INF]  Application started. Press Ctrl+C to shut down.
[2025-07-24 16:27:12.087 +03:00  INF]  Hosting environment: Development
[2025-07-24 16:27:12.088 +03:00  INF]  Content root path: D:\ItravelWebsite\API\ITravel_App\ITravel_App
[2025-07-24 16:27:13.414 +03:00  INF]  Request starting HTTP/2 GET https://localhost:7045/swagger/index.html - null null
[2025-07-24 16:27:13.990 +03:00  INF]  Request finished HTTP/2 GET https://localhost:7045/swagger/index.html - 200 null text/html;charset=utf-8 576.0416ms
[2025-07-24 16:27:14.072 +03:00  INF]  Request starting HTTP/2 GET https://localhost:7045/_framework/aspnetcore-browser-refresh.js - null null
[2025-07-24 16:27:14.088 +03:00  INF]  Request finished HTTP/2 GET https://localhost:7045/_framework/aspnetcore-browser-refresh.js - 200 16507 application/javascript; charset=utf-8 15.6845ms
[2025-07-24 16:27:14.089 +03:00  INF]  Request starting HTTP/2 GET https://localhost:7045/_vs/browserLink - null null
[2025-07-24 16:27:14.265 +03:00  INF]  Request finished HTTP/2 GET https://localhost:7045/_vs/browserLink - 200 null text/javascript; charset=UTF-8 176.3846ms
[2025-07-24 16:27:14.419 +03:00  INF]  Request starting HTTP/2 GET https://localhost:7045/swagger/v1/swagger.json - null null
[2025-07-24 16:27:14.456 +03:00  INF]  Request finished HTTP/2 GET https://localhost:7045/swagger/v1/swagger.json - 200 null application/json;charset=utf-8 36.8371ms
[2025-07-24 16:45:00.519 +03:00  INF]  Request starting HTTP/2 POST https://localhost:7045/api/TravelAdmin/SaveMainTrip - application/json 235
[2025-07-24 16:45:00.547 +03:00  INF]  CORS policy execution successful.
[2025-07-24 16:45:00.571 +03:00  INF]  Executing endpoint 'ITravel_App.Controllers.TravelAdminController.SaveMainTrip (ITravel_App)'
[2025-07-24 16:45:00.614 +03:00  INF]  Route matched with {action = "SaveMainTrip", controller = "TravelAdmin"}. Executing controller action with signature Microsoft.AspNetCore.Mvc.IActionResult SaveMainTrip(ITravelApp.Data.Entities.trip_main) on controller ITravel_App.Controllers.TravelAdminController (ITravel_App).
[2025-07-24 16:45:07.274 +03:00  INF]  Executed DbCommand (120ms) [Parameters=[@__row_trip_code_0='?', @__row_active_1='?' (DbType = Boolean), @__row_destination_id_2='?' (DbType = Decimal)], CommandType='"Text"', CommandTimeout='30']
SELECT t.id, t.active, t.destination_id, t.pickup, t.show_in_slider, t.show_in_top, t.trip_code, t.trip_default_name, t.trip_duration
FROM trip_main AS t
WHERE t.trip_code = @__row_trip_code_0 AND t.active = @__row_active_1 AND t.destination_id = @__row_destination_id_2
LIMIT 2
[2025-07-24 16:45:07.360 +03:00  INF]  Executed DbCommand (2ms) [Parameters=[], CommandType='"Text"', CommandTimeout='30']
SELECT count(*)::int
FROM trip_main AS t
[2025-07-24 16:45:07.629 +03:00  INF]  Executed DbCommand (4ms) [Parameters=[@p0='?' (DbType = Int32), @p1='?' (DbType = Boolean), @p2='?' (DbType = Decimal), @p3='?', @p4='?' (DbType = Boolean), @p5='?' (DbType = Boolean), @p6='?', @p7='?', @p8='?'], CommandType='"Text"', CommandTimeout='30']
INSERT INTO trip_main (id, active, destination_id, pickup, show_in_slider, show_in_top, trip_code, trip_default_name, trip_duration)
VALUES (@p0, @p1, @p2, @p3, @p4, @p5, @p6, @p7, @p8);
[2025-07-24 16:45:07.654 +03:00  INF]  Executing OkObjectResult, writing value of type 'ITravelApp.Data.Models.ResponseCls'.
[2025-07-24 16:45:07.673 +03:00  INF]  Executed action ITravel_App.Controllers.TravelAdminController.SaveMainTrip (ITravel_App) in 7052.7294ms
[2025-07-24 16:45:07.674 +03:00  INF]  Executed endpoint 'ITravel_App.Controllers.TravelAdminController.SaveMainTrip (ITravel_App)'
[2025-07-24 16:45:07.689 +03:00  INF]  Request finished HTTP/2 POST https://localhost:7045/api/TravelAdmin/SaveMainTrip - 200 null application/json; charset=utf-8 7170.7339ms
[2025-07-24 16:51:10.036 +03:00  INF]  Request starting HTTP/2 POST https://localhost:7045/api/TravelAdmin/SaveTripTranslation - application/json 1399
[2025-07-24 16:51:10.044 +03:00  INF]  CORS policy execution successful.
[2025-07-24 16:51:10.044 +03:00  INF]  Executing endpoint 'ITravel_App.Controllers.TravelAdminController.SaveTripTranslation (ITravel_App)'
[2025-07-24 16:51:10.050 +03:00  INF]  Route matched with {action = "SaveTripTranslation", controller = "TravelAdmin"}. Executing controller action with signature Microsoft.AspNetCore.Mvc.IActionResult SaveTripTranslation(ITravelApp.Data.Models.trips.TripTranslationReq) on controller ITravel_App.Controllers.TravelAdminController (ITravel_App).
[2025-07-24 16:51:10.106 +03:00  INF]  Executing BadRequestObjectResult, writing value of type 'Microsoft.AspNetCore.Mvc.ValidationProblemDetails'.
[2025-07-24 16:51:10.145 +03:00  INF]  Executed action ITravel_App.Controllers.TravelAdminController.SaveTripTranslation (ITravel_App) in 94.8685ms
[2025-07-24 16:51:10.146 +03:00  INF]  Executed endpoint 'ITravel_App.Controllers.TravelAdminController.SaveTripTranslation (ITravel_App)'
[2025-07-24 16:51:10.146 +03:00  INF]  Request finished HTTP/2 POST https://localhost:7045/api/TravelAdmin/SaveTripTranslation - 400 null application/problem+json; charset=utf-8 110.0945ms
[2025-07-24 16:53:28.403 +03:00  INF]  Request starting HTTP/2 POST https://localhost:7045/api/TravelAdmin/SaveTripTranslation - application/json 1757
[2025-07-24 16:53:28.405 +03:00  INF]  CORS policy execution successful.
[2025-07-24 16:53:28.405 +03:00  INF]  Executing endpoint 'ITravel_App.Controllers.TravelAdminController.SaveTripTranslation (ITravel_App)'
[2025-07-24 16:53:28.406 +03:00  INF]  Route matched with {action = "SaveTripTranslation", controller = "TravelAdmin"}. Executing controller action with signature Microsoft.AspNetCore.Mvc.IActionResult SaveTripTranslation(ITravelApp.Data.Models.trips.TripTranslationReq) on controller ITravel_App.Controllers.TravelAdminController (ITravel_App).
[2025-07-24 16:53:28.445 +03:00  INF]  Executing BadRequestObjectResult, writing value of type 'Microsoft.AspNetCore.Mvc.ValidationProblemDetails'.
[2025-07-24 16:53:28.445 +03:00  INF]  Executed action ITravel_App.Controllers.TravelAdminController.SaveTripTranslation (ITravel_App) in 39.3066ms
[2025-07-24 16:53:28.445 +03:00  INF]  Executed endpoint 'ITravel_App.Controllers.TravelAdminController.SaveTripTranslation (ITravel_App)'
[2025-07-24 16:53:28.445 +03:00  INF]  Request finished HTTP/2 POST https://localhost:7045/api/TravelAdmin/SaveTripTranslation - 400 null application/problem+json; charset=utf-8 42.5443ms
[2025-07-24 16:58:54.971 +03:00  INF]  Request starting HTTP/2 POST https://localhost:7045/api/TravelAdmin/SaveTripTranslation - application/json 1395
[2025-07-24 16:58:54.972 +03:00  INF]  CORS policy execution successful.
[2025-07-24 16:58:54.972 +03:00  INF]  Executing endpoint 'ITravel_App.Controllers.TravelAdminController.SaveTripTranslation (ITravel_App)'
[2025-07-24 16:58:54.972 +03:00  INF]  Route matched with {action = "SaveTripTranslation", controller = "TravelAdmin"}. Executing controller action with signature Microsoft.AspNetCore.Mvc.IActionResult SaveTripTranslation(ITravelApp.Data.Models.trips.TripTranslationReq) on controller ITravel_App.Controllers.TravelAdminController (ITravel_App).
[2025-07-24 16:58:54.991 +03:00  INF]  Executing BadRequestObjectResult, writing value of type 'Microsoft.AspNetCore.Mvc.ValidationProblemDetails'.
[2025-07-24 16:58:54.991 +03:00  INF]  Executed action ITravel_App.Controllers.TravelAdminController.SaveTripTranslation (ITravel_App) in 18.5548ms
[2025-07-24 16:58:54.991 +03:00  INF]  Executed endpoint 'ITravel_App.Controllers.TravelAdminController.SaveTripTranslation (ITravel_App)'
[2025-07-24 16:58:54.991 +03:00  INF]  Request finished HTTP/2 POST https://localhost:7045/api/TravelAdmin/SaveTripTranslation - 400 null application/problem+json; charset=utf-8 20.0656ms
[2025-07-24 17:00:11.984 +03:00  INF]  Request starting HTTP/2 POST https://localhost:7045/api/TravelAdmin/SaveTripTranslation - application/json 642
[2025-07-24 17:00:11.986 +03:00  INF]  CORS policy execution successful.
[2025-07-24 17:00:11.986 +03:00  INF]  Executing endpoint 'ITravel_App.Controllers.TravelAdminController.SaveTripTranslation (ITravel_App)'
[2025-07-24 17:00:11.986 +03:00  INF]  Route matched with {action = "SaveTripTranslation", controller = "TravelAdmin"}. Executing controller action with signature Microsoft.AspNetCore.Mvc.IActionResult SaveTripTranslation(ITravelApp.Data.Models.trips.TripTranslationReq) on controller ITravel_App.Controllers.TravelAdminController (ITravel_App).
[2025-07-24 17:00:12.016 +03:00  INF]  Executing BadRequestObjectResult, writing value of type 'Microsoft.AspNetCore.Mvc.ValidationProblemDetails'.
[2025-07-24 17:00:12.017 +03:00  INF]  Executed action ITravel_App.Controllers.TravelAdminController.SaveTripTranslation (ITravel_App) in 30.621ms
[2025-07-24 17:00:12.017 +03:00  INF]  Executed endpoint 'ITravel_App.Controllers.TravelAdminController.SaveTripTranslation (ITravel_App)'
[2025-07-24 17:00:12.017 +03:00  INF]  Request finished HTTP/2 POST https://localhost:7045/api/TravelAdmin/SaveTripTranslation - 400 null application/problem+json; charset=utf-8 33.784ms
[2025-07-24 17:24:18.072 +03:00  INF]  Request starting HTTP/2 POST https://localhost:7045/api/TravelAdmin/SaveTripTranslation - application/json 229
[2025-07-24 17:24:18.073 +03:00  INF]  CORS policy execution successful.
[2025-07-24 17:24:18.073 +03:00  INF]  Executing endpoint 'ITravel_App.Controllers.TravelAdminController.SaveTripTranslation (ITravel_App)'
[2025-07-24 17:24:18.073 +03:00  INF]  Route matched with {action = "SaveTripTranslation", controller = "TravelAdmin"}. Executing controller action with signature Microsoft.AspNetCore.Mvc.IActionResult SaveTripTranslation(ITravelApp.Data.Models.trips.TripTranslationReq) on controller ITravel_App.Controllers.TravelAdminController (ITravel_App).
[2025-07-24 17:24:20.790 +03:00  INF]  Executed DbCommand (6ms) [Parameters=[@__trip_trip_name_0='?', @__trip_lang_code_1='?', @__trip_trip_id_2='?' (DbType = Decimal)], CommandType='"Text"', CommandTimeout='30']
SELECT t.id, t.lang_code, t.trip_description, t.trip_highlight, t.trip_id, t.trip_includes, t.trip_name
FROM trip_translations AS t
WHERE t.trip_name = @__trip_trip_name_0 AND t.lang_code = @__trip_lang_code_1 AND t.trip_id = @__trip_trip_id_2
LIMIT 2
[2025-07-24 17:24:20.797 +03:00  INF]  Executed DbCommand (1ms) [Parameters=[], CommandType='"Text"', CommandTimeout='30']
SELECT count(*)::int
FROM trip_translations AS t
[2025-07-24 17:24:20.835 +03:00  INF]  Executed DbCommand (3ms) [Parameters=[@p0='?' (DbType = Int32), @p1='?', @p2='?', @p3='?', @p4='?' (DbType = Decimal), @p5='?', @p6='?'], CommandType='"Text"', CommandTimeout='30']
INSERT INTO trip_translations (id, lang_code, trip_description, trip_highlight, trip_id, trip_includes, trip_name)
VALUES (@p0, @p1, @p2, @p3, @p4, @p5, @p6);
[2025-07-24 17:24:20.836 +03:00  INF]  Executing OkObjectResult, writing value of type 'ITravelApp.Data.Models.ResponseCls'.
[2025-07-24 17:24:20.836 +03:00  INF]  Executed action ITravel_App.Controllers.TravelAdminController.SaveTripTranslation (ITravel_App) in 2762.8597ms
[2025-07-24 17:24:20.836 +03:00  INF]  Executed endpoint 'ITravel_App.Controllers.TravelAdminController.SaveTripTranslation (ITravel_App)'
[2025-07-24 17:24:20.836 +03:00  INF]  Request finished HTTP/2 POST https://localhost:7045/api/TravelAdmin/SaveTripTranslation - 200 null application/json; charset=utf-8 2764.1718ms
[2025-07-24 17:25:44.427 +03:00  INF]  Request starting HTTP/2 POST https://localhost:7045/api/TravelAdmin/SaveTripTranslation - application/json 227
[2025-07-24 17:25:44.428 +03:00  INF]  CORS policy execution successful.
[2025-07-24 17:25:44.428 +03:00  INF]  Executing endpoint 'ITravel_App.Controllers.TravelAdminController.SaveTripTranslation (ITravel_App)'
[2025-07-24 17:25:44.428 +03:00  INF]  Route matched with {action = "SaveTripTranslation", controller = "TravelAdmin"}. Executing controller action with signature Microsoft.AspNetCore.Mvc.IActionResult SaveTripTranslation(ITravelApp.Data.Models.trips.TripTranslationReq) on controller ITravel_App.Controllers.TravelAdminController (ITravel_App).
[2025-07-24 17:25:46.081 +03:00  INF]  Executed DbCommand (1ms) [Parameters=[@__trip_trip_name_0='?', @__trip_lang_code_1='?', @__trip_trip_id_2='?' (DbType = Decimal)], CommandType='"Text"', CommandTimeout='30']
SELECT t.id, t.lang_code, t.trip_description, t.trip_highlight, t.trip_id, t.trip_includes, t.trip_name
FROM trip_translations AS t
WHERE t.trip_name = @__trip_trip_name_0 AND t.lang_code = @__trip_lang_code_1 AND t.trip_id = @__trip_trip_id_2
LIMIT 2
[2025-07-24 17:25:46.083 +03:00  INF]  Executed DbCommand (1ms) [Parameters=[], CommandType='"Text"', CommandTimeout='30']
SELECT count(*)::int
FROM trip_translations AS t
[2025-07-24 17:25:46.101 +03:00  INF]  Executed DbCommand (1ms) [Parameters=[], CommandType='"Text"', CommandTimeout='30']
SELECT max(t.id)
FROM trip_translations AS t
[2025-07-24 17:25:46.103 +03:00  INF]  Executed DbCommand (1ms) [Parameters=[@p0='?' (DbType = Int32), @p1='?', @p2='?', @p3='?', @p4='?' (DbType = Decimal), @p5='?', @p6='?'], CommandType='"Text"', CommandTimeout='30']
INSERT INTO trip_translations (id, lang_code, trip_description, trip_highlight, trip_id, trip_includes, trip_name)
VALUES (@p0, @p1, @p2, @p3, @p4, @p5, @p6);
[2025-07-24 17:25:46.104 +03:00  INF]  Executing OkObjectResult, writing value of type 'ITravelApp.Data.Models.ResponseCls'.
[2025-07-24 17:25:46.104 +03:00  INF]  Executed action ITravel_App.Controllers.TravelAdminController.SaveTripTranslation (ITravel_App) in 1675.6375ms
[2025-07-24 17:25:46.104 +03:00  INF]  Executed endpoint 'ITravel_App.Controllers.TravelAdminController.SaveTripTranslation (ITravel_App)'
[2025-07-24 17:25:46.104 +03:00  INF]  Request finished HTTP/2 POST https://localhost:7045/api/TravelAdmin/SaveTripTranslation - 200 null application/json; charset=utf-8 1676.8226ms
[2025-07-24 17:39:30.398 +03:00  INF]  Request starting HTTP/2 POST https://localhost:7045/api/TravelAdmin/SaveTripTranslation - application/json 227
[2025-07-24 17:39:30.399 +03:00  INF]  CORS policy execution successful.
[2025-07-24 17:39:30.399 +03:00  INF]  Executing endpoint 'ITravel_App.Controllers.TravelAdminController.SaveTripTranslation (ITravel_App)'
[2025-07-24 17:39:30.399 +03:00  INF]  Route matched with {action = "SaveTripTranslation", controller = "TravelAdmin"}. Executing controller action with signature Microsoft.AspNetCore.Mvc.IActionResult SaveTripTranslation(ITravelApp.Data.Models.trips.TripTranslationReq) on controller ITravel_App.Controllers.TravelAdminController (ITravel_App).
[2025-07-24 17:39:30.493 +03:00  INF]  Executed DbCommand (12ms) [Parameters=[@__trip_trip_name_0='?', @__trip_lang_code_1='?', @__trip_trip_id_2='?' (DbType = Decimal)], CommandType='"Text"', CommandTimeout='30']
SELECT t.id, t.lang_code, t.trip_description, t.trip_highlight, t.trip_id, t.trip_includes, t.trip_name
FROM trip_translations AS t
WHERE t.trip_name = @__trip_trip_name_0 AND t.lang_code = @__trip_lang_code_1 AND t.trip_id = @__trip_trip_id_2
LIMIT 2
[2025-07-24 17:39:30.498 +03:00  INF]  Executed DbCommand (5ms) [Parameters=[], CommandType='"Text"', CommandTimeout='30']
SELECT count(*)::int
FROM trip_translations AS t
[2025-07-24 17:39:30.499 +03:00  INF]  Executed DbCommand (1ms) [Parameters=[], CommandType='"Text"', CommandTimeout='30']
SELECT max(t.id)
FROM trip_translations AS t
[2025-07-24 17:39:30.502 +03:00  INF]  Executed DbCommand (2ms) [Parameters=[@p0='?' (DbType = Int32), @p1='?', @p2='?', @p3='?', @p4='?' (DbType = Decimal), @p5='?', @p6='?'], CommandType='"Text"', CommandTimeout='30']
INSERT INTO trip_translations (id, lang_code, trip_description, trip_highlight, trip_id, trip_includes, trip_name)
VALUES (@p0, @p1, @p2, @p3, @p4, @p5, @p6);
[2025-07-24 17:39:30.502 +03:00  INF]  Executing OkObjectResult, writing value of type 'ITravelApp.Data.Models.ResponseCls'.
[2025-07-24 17:39:30.502 +03:00  INF]  Executed action ITravel_App.Controllers.TravelAdminController.SaveTripTranslation (ITravel_App) in 103.4641ms
[2025-07-24 17:39:30.502 +03:00  INF]  Executed endpoint 'ITravel_App.Controllers.TravelAdminController.SaveTripTranslation (ITravel_App)'
[2025-07-24 17:39:30.503 +03:00  INF]  Request finished HTTP/2 POST https://localhost:7045/api/TravelAdmin/SaveTripTranslation - 200 null application/json; charset=utf-8 104.7865ms
[2025-07-24 17:40:32.781 +03:00  INF]  Request starting HTTP/2 POST https://localhost:7045/api/TravelAdmin/SaveTripPrices - application/json 126
[2025-07-24 17:40:32.782 +03:00  INF]  CORS policy execution successful.
[2025-07-24 17:40:32.782 +03:00  INF]  Executing endpoint 'ITravel_App.Controllers.TravelAdminController.SaveTripPrices (ITravel_App)'
[2025-07-24 17:40:32.785 +03:00  INF]  Route matched with {action = "SaveTripPrices", controller = "TravelAdmin"}. Executing controller action with signature Microsoft.AspNetCore.Mvc.IActionResult SaveTripPrices(ITravelApp.Data.Models.trips.TripPricesReq) on controller ITravel_App.Controllers.TravelAdminController (ITravel_App).
[2025-07-24 17:40:32.818 +03:00  INF]  Executed DbCommand (2ms) [Parameters=[@__price_trip_id_0='?' (DbType = Decimal), @__price_currency_code_1='?'], CommandType='"Text"', CommandTimeout='30']
SELECT t.id, t.currency_code, t.trip_id, t.trip_origin_price, t.trip_sale_price
FROM trip_prices AS t
WHERE t.trip_id = @__price_trip_id_0 AND t.currency_code = @__price_currency_code_1
LIMIT 2
[2025-07-24 17:40:32.823 +03:00  INF]  Executed DbCommand (1ms) [Parameters=[], CommandType='"Text"', CommandTimeout='30']
SELECT count(*)::int
FROM trip_prices AS t
[2025-07-24 17:40:32.846 +03:00  INF]  Executed DbCommand (2ms) [Parameters=[@p0='?' (DbType = Int32), @p1='?', @p2='?' (DbType = Decimal), @p3='?' (DbType = Decimal), @p4='?' (DbType = Decimal)], CommandType='"Text"', CommandTimeout='30']
INSERT INTO trip_prices (id, currency_code, trip_id, trip_origin_price, trip_sale_price)
VALUES (@p0, @p1, @p2, @p3, @p4);
[2025-07-24 17:40:32.846 +03:00  INF]  Executing OkObjectResult, writing value of type 'ITravelApp.Data.Models.ResponseCls'.
[2025-07-24 17:40:32.846 +03:00  INF]  Executed action ITravel_App.Controllers.TravelAdminController.SaveTripPrices (ITravel_App) in 61.3334ms
[2025-07-24 17:40:32.846 +03:00  INF]  Executed endpoint 'ITravel_App.Controllers.TravelAdminController.SaveTripPrices (ITravel_App)'
[2025-07-24 17:40:32.846 +03:00  INF]  Request finished HTTP/2 POST https://localhost:7045/api/TravelAdmin/SaveTripPrices - 200 null application/json; charset=utf-8 65.575ms
[2025-07-24 17:41:05.318 +03:00  INF]  Request starting HTTP/2 POST https://localhost:7045/api/TravelAdmin/SaveTripPrices - application/json 126
[2025-07-24 17:41:05.318 +03:00  INF]  CORS policy execution successful.
[2025-07-24 17:41:05.318 +03:00  INF]  Executing endpoint 'ITravel_App.Controllers.TravelAdminController.SaveTripPrices (ITravel_App)'
[2025-07-24 17:41:05.318 +03:00  INF]  Route matched with {action = "SaveTripPrices", controller = "TravelAdmin"}. Executing controller action with signature Microsoft.AspNetCore.Mvc.IActionResult SaveTripPrices(ITravelApp.Data.Models.trips.TripPricesReq) on controller ITravel_App.Controllers.TravelAdminController (ITravel_App).
[2025-07-24 17:41:05.324 +03:00  INF]  Executed DbCommand (1ms) [Parameters=[@__price_trip_id_0='?' (DbType = Decimal), @__price_currency_code_1='?'], CommandType='"Text"', CommandTimeout='30']
SELECT t.id, t.currency_code, t.trip_id, t.trip_origin_price, t.trip_sale_price
FROM trip_prices AS t
WHERE t.trip_id = @__price_trip_id_0 AND t.currency_code = @__price_currency_code_1
LIMIT 2
[2025-07-24 17:41:05.342 +03:00  INF]  Executing OkObjectResult, writing value of type 'ITravelApp.Data.Models.ResponseCls'.
[2025-07-24 17:41:05.342 +03:00  INF]  Executed action ITravel_App.Controllers.TravelAdminController.SaveTripPrices (ITravel_App) in 23.9081ms
[2025-07-24 17:41:05.343 +03:00  INF]  Executed endpoint 'ITravel_App.Controllers.TravelAdminController.SaveTripPrices (ITravel_App)'
[2025-07-24 17:41:05.343 +03:00  INF]  Request finished HTTP/2 POST https://localhost:7045/api/TravelAdmin/SaveTripPrices - 200 null application/json; charset=utf-8 24.7714ms
[2025-07-24 17:41:17.604 +03:00  INF]  Request starting HTTP/2 POST https://localhost:7045/api/TravelAdmin/SaveTripPrices - application/json 126
[2025-07-24 17:41:17.604 +03:00  INF]  CORS policy execution successful.
[2025-07-24 17:41:17.605 +03:00  INF]  Executing endpoint 'ITravel_App.Controllers.TravelAdminController.SaveTripPrices (ITravel_App)'
[2025-07-24 17:41:17.605 +03:00  INF]  Route matched with {action = "SaveTripPrices", controller = "TravelAdmin"}. Executing controller action with signature Microsoft.AspNetCore.Mvc.IActionResult SaveTripPrices(ITravelApp.Data.Models.trips.TripPricesReq) on controller ITravel_App.Controllers.TravelAdminController (ITravel_App).
[2025-07-24 17:41:17.623 +03:00  INF]  Executed DbCommand (5ms) [Parameters=[@p4='?' (DbType = Int32), @p0='?', @p1='?' (DbType = Decimal), @p2='?' (DbType = Decimal), @p3='?' (DbType = Decimal)], CommandType='"Text"', CommandTimeout='30']
UPDATE trip_prices SET currency_code = @p0, trip_id = @p1, trip_origin_price = @p2, trip_sale_price = @p3
WHERE id = @p4;
[2025-07-24 17:41:17.623 +03:00  INF]  Executing OkObjectResult, writing value of type 'ITravelApp.Data.Models.ResponseCls'.
[2025-07-24 17:41:17.623 +03:00  INF]  Executed action ITravel_App.Controllers.TravelAdminController.SaveTripPrices (ITravel_App) in 18.8099ms
[2025-07-24 17:41:17.624 +03:00  INF]  Executed endpoint 'ITravel_App.Controllers.TravelAdminController.SaveTripPrices (ITravel_App)'
[2025-07-24 17:41:17.624 +03:00  INF]  Request finished HTTP/2 POST https://localhost:7045/api/TravelAdmin/SaveTripPrices - 200 null application/json; charset=utf-8 19.5712ms
[2025-07-24 17:41:35.410 +03:00  INF]  Request starting HTTP/2 POST https://localhost:7045/api/TravelAdmin/SaveTripPrices - application/json 126
[2025-07-24 17:41:35.410 +03:00  INF]  CORS policy execution successful.
[2025-07-24 17:41:35.410 +03:00  INF]  Executing endpoint 'ITravel_App.Controllers.TravelAdminController.SaveTripPrices (ITravel_App)'
[2025-07-24 17:41:35.410 +03:00  INF]  Route matched with {action = "SaveTripPrices", controller = "TravelAdmin"}. Executing controller action with signature Microsoft.AspNetCore.Mvc.IActionResult SaveTripPrices(ITravelApp.Data.Models.trips.TripPricesReq) on controller ITravel_App.Controllers.TravelAdminController (ITravel_App).
[2025-07-24 17:41:35.413 +03:00  INF]  Executed DbCommand (1ms) [Parameters=[@__price_trip_id_0='?' (DbType = Decimal), @__price_currency_code_1='?'], CommandType='"Text"', CommandTimeout='30']
SELECT t.id, t.currency_code, t.trip_id, t.trip_origin_price, t.trip_sale_price
FROM trip_prices AS t
WHERE t.trip_id = @__price_trip_id_0 AND t.currency_code = @__price_currency_code_1
LIMIT 2
[2025-07-24 17:41:35.413 +03:00  INF]  Executed DbCommand (0ms) [Parameters=[], CommandType='"Text"', CommandTimeout='30']
SELECT count(*)::int
FROM trip_prices AS t
[2025-07-24 17:41:35.418 +03:00  INF]  Executed DbCommand (1ms) [Parameters=[], CommandType='"Text"', CommandTimeout='30']
SELECT max(t.id)
FROM trip_prices AS t
[2025-07-24 17:41:35.421 +03:00  INF]  Executed DbCommand (2ms) [Parameters=[@p0='?' (DbType = Int32), @p1='?', @p2='?' (DbType = Decimal), @p3='?' (DbType = Decimal), @p4='?' (DbType = Decimal)], CommandType='"Text"', CommandTimeout='30']
INSERT INTO trip_prices (id, currency_code, trip_id, trip_origin_price, trip_sale_price)
VALUES (@p0, @p1, @p2, @p3, @p4);
[2025-07-24 17:41:35.422 +03:00  INF]  Executing OkObjectResult, writing value of type 'ITravelApp.Data.Models.ResponseCls'.
[2025-07-24 17:41:35.422 +03:00  INF]  Executed action ITravel_App.Controllers.TravelAdminController.SaveTripPrices (ITravel_App) in 11.8642ms
[2025-07-24 17:41:35.422 +03:00  INF]  Executed endpoint 'ITravel_App.Controllers.TravelAdminController.SaveTripPrices (ITravel_App)'
[2025-07-24 17:41:35.422 +03:00  INF]  Request finished HTTP/2 POST https://localhost:7045/api/TravelAdmin/SaveTripPrices - 200 null application/json; charset=utf-8 12.5367ms
[2025-07-24 17:41:58.682 +03:00  INF]  Request starting HTTP/2 POST https://localhost:7045/api/TravelAdmin/SaveTripPrices - application/json 125
[2025-07-24 17:41:58.683 +03:00  INF]  CORS policy execution successful.
[2025-07-24 17:41:58.683 +03:00  INF]  Executing endpoint 'ITravel_App.Controllers.TravelAdminController.SaveTripPrices (ITravel_App)'
[2025-07-24 17:41:58.683 +03:00  INF]  Route matched with {action = "SaveTripPrices", controller = "TravelAdmin"}. Executing controller action with signature Microsoft.AspNetCore.Mvc.IActionResult SaveTripPrices(ITravelApp.Data.Models.trips.TripPricesReq) on controller ITravel_App.Controllers.TravelAdminController (ITravel_App).
[2025-07-24 17:41:58.694 +03:00  INF]  Executed DbCommand (1ms) [Parameters=[@p0='?' (DbType = Int32)], CommandType='"Text"', CommandTimeout='30']
DELETE FROM trip_prices
WHERE id = @p0;
[2025-07-24 17:41:58.697 +03:00  INF]  Executing OkObjectResult, writing value of type 'ITravelApp.Data.Models.ResponseCls'.
[2025-07-24 17:41:58.697 +03:00  INF]  Executed action ITravel_App.Controllers.TravelAdminController.SaveTripPrices (ITravel_App) in 14.031ms
[2025-07-24 17:41:58.697 +03:00  INF]  Executed endpoint 'ITravel_App.Controllers.TravelAdminController.SaveTripPrices (ITravel_App)'
[2025-07-24 17:41:58.697 +03:00  INF]  Request finished HTTP/2 POST https://localhost:7045/api/TravelAdmin/SaveTripPrices - 200 null application/json; charset=utf-8 14.7088ms
[2025-07-24 17:42:17.036 +03:00  INF]  Request starting HTTP/2 POST https://localhost:7045/api/TravelAdmin/SaveTripPrices - application/json 126
[2025-07-24 17:42:17.036 +03:00  INF]  CORS policy execution successful.
[2025-07-24 17:42:17.036 +03:00  INF]  Executing endpoint 'ITravel_App.Controllers.TravelAdminController.SaveTripPrices (ITravel_App)'
[2025-07-24 17:42:17.036 +03:00  INF]  Route matched with {action = "SaveTripPrices", controller = "TravelAdmin"}. Executing controller action with signature Microsoft.AspNetCore.Mvc.IActionResult SaveTripPrices(ITravelApp.Data.Models.trips.TripPricesReq) on controller ITravel_App.Controllers.TravelAdminController (ITravel_App).
[2025-07-24 17:42:17.043 +03:00  INF]  Executed DbCommand (5ms) [Parameters=[@__price_trip_id_0='?' (DbType = Decimal), @__price_currency_code_1='?'], CommandType='"Text"', CommandTimeout='30']
SELECT t.id, t.currency_code, t.trip_id, t.trip_origin_price, t.trip_sale_price
FROM trip_prices AS t
WHERE t.trip_id = @__price_trip_id_0 AND t.currency_code = @__price_currency_code_1
LIMIT 2
[2025-07-24 17:42:17.044 +03:00  INF]  Executed DbCommand (0ms) [Parameters=[], CommandType='"Text"', CommandTimeout='30']
SELECT count(*)::int
FROM trip_prices AS t
[2025-07-24 17:42:17.044 +03:00  INF]  Executed DbCommand (0ms) [Parameters=[], CommandType='"Text"', CommandTimeout='30']
SELECT max(t.id)
FROM trip_prices AS t
[2025-07-24 17:42:17.049 +03:00  INF]  Executed DbCommand (4ms) [Parameters=[@p0='?' (DbType = Int32), @p1='?', @p2='?' (DbType = Decimal), @p3='?' (DbType = Decimal), @p4='?' (DbType = Decimal)], CommandType='"Text"', CommandTimeout='30']
INSERT INTO trip_prices (id, currency_code, trip_id, trip_origin_price, trip_sale_price)
VALUES (@p0, @p1, @p2, @p3, @p4);
[2025-07-24 17:42:17.049 +03:00  INF]  Executing OkObjectResult, writing value of type 'ITravelApp.Data.Models.ResponseCls'.
[2025-07-24 17:42:17.050 +03:00  INF]  Executed action ITravel_App.Controllers.TravelAdminController.SaveTripPrices (ITravel_App) in 13.513ms
[2025-07-24 17:42:17.050 +03:00  INF]  Executed endpoint 'ITravel_App.Controllers.TravelAdminController.SaveTripPrices (ITravel_App)'
[2025-07-24 17:42:17.050 +03:00  INF]  Request finished HTTP/2 POST https://localhost:7045/api/TravelAdmin/SaveTripPrices - 200 null application/json; charset=utf-8 14.206ms
[2025-07-24 17:43:00.979 +03:00  INF]  Request starting HTTP/2 POST https://localhost:7045/api/TravelAdmin/saveTripImage - multipart/form-data; boundary=----WebKitFormBoundarydbvcv4TwDF9jrPAm 474019
[2025-07-24 17:43:00.981 +03:00  INF]  CORS policy execution successful.
[2025-07-24 17:43:00.981 +03:00  INF]  Executing endpoint 'ITravel_App.Controllers.TravelAdminController.saveTripImage (ITravel_App)'
[2025-07-24 17:43:00.986 +03:00  INF]  Route matched with {action = "saveTripImage", controller = "TravelAdmin"}. Executing controller action with signature Microsoft.AspNetCore.Mvc.IActionResult saveTripImage(ITravelApp.Data.Models.trips.TripImgReq) on controller ITravel_App.Controllers.TravelAdminController (ITravel_App).
[2025-07-24 17:43:01.078 +03:00  INF]  Executed DbCommand (2ms) [Parameters=[@__trip_trip_id_0='?' (DbType = Decimal), @__trip_is_default_1='?' (DbType = Boolean)], CommandType='"Text"', CommandTimeout='30']
SELECT t.id, t.img_name, t.img_path, t.is_default, t.trip_id
FROM trip_imgs AS t
WHERE t.trip_id = @__trip_trip_id_0 AND t.is_default = @__trip_is_default_1
LIMIT 2
[2025-07-24 17:43:01.082 +03:00  INF]  Executed DbCommand (0ms) [Parameters=[], CommandType='"Text"', CommandTimeout='30']
SELECT count(*)::int
FROM trip_imgs AS t
[2025-07-24 17:43:01.103 +03:00  INF]  Executed DbCommand (3ms) [Parameters=[@p0='?' (DbType = Int32), @p1='?', @p2='?', @p3='?' (DbType = Boolean), @p4='?' (DbType = Decimal)], CommandType='"Text"', CommandTimeout='30']
INSERT INTO trip_imgs (id, img_name, img_path, is_default, trip_id)
VALUES (@p0, @p1, @p2, @p3, @p4);
[2025-07-24 17:43:01.104 +03:00  INF]  Executing OkObjectResult, writing value of type 'ITravelApp.Data.Models.ResponseCls'.
[2025-07-24 17:43:01.105 +03:00  INF]  Executed action ITravel_App.Controllers.TravelAdminController.saveTripImage (ITravel_App) in 118.4128ms
[2025-07-24 17:43:01.106 +03:00  INF]  Executed endpoint 'ITravel_App.Controllers.TravelAdminController.saveTripImage (ITravel_App)'
[2025-07-24 17:43:01.129 +03:00  INF]  Request finished HTTP/2 POST https://localhost:7045/api/TravelAdmin/saveTripImage - 200 null application/json; charset=utf-8 150.8756ms
[2025-07-24 17:45:25.900 +03:00  WRN]  The WebRootPath was not found: D:\ItravelWebsite\API\ITravel_App\ITravel_App\wwwroot. Static files may be unavailable.
[2025-07-24 17:45:26.171 +03:00  INF]  Now listening on: https://localhost:7045
[2025-07-24 17:45:26.172 +03:00  INF]  Now listening on: http://localhost:5124
[2025-07-24 17:45:27.131 +03:00  INF]  Application started. Press Ctrl+C to shut down.
[2025-07-24 17:45:27.132 +03:00  INF]  Hosting environment: Development
[2025-07-24 17:45:27.132 +03:00  INF]  Content root path: D:\ItravelWebsite\API\ITravel_App\ITravel_App
[2025-07-24 17:45:27.263 +03:00  INF]  Request starting HTTP/2 GET https://localhost:7045/swagger/index.html - null null
[2025-07-24 17:45:27.758 +03:00  INF]  Request finished HTTP/2 GET https://localhost:7045/swagger/index.html - 200 null text/html;charset=utf-8 505.1013ms
[2025-07-24 17:45:27.825 +03:00  INF]  Request starting HTTP/2 GET https://localhost:7045/_framework/aspnetcore-browser-refresh.js - null null
[2025-07-24 17:45:27.866 +03:00  INF]  Request finished HTTP/2 GET https://localhost:7045/_framework/aspnetcore-browser-refresh.js - 200 16507 application/javascript; charset=utf-8 41.0487ms
[2025-07-24 17:45:27.867 +03:00  INF]  Request starting HTTP/2 GET https://localhost:7045/_vs/browserLink - null null
[2025-07-24 17:45:27.959 +03:00  INF]  Request finished HTTP/2 GET https://localhost:7045/_vs/browserLink - 200 null text/javascript; charset=UTF-8 92.2134ms
[2025-07-24 17:45:28.129 +03:00  INF]  Request starting HTTP/2 GET https://localhost:7045/swagger/v1/swagger.json - null null
[2025-07-24 17:45:28.254 +03:00  INF]  Request finished HTTP/2 GET https://localhost:7045/swagger/v1/swagger.json - 200 null application/json;charset=utf-8 124.6201ms
[2025-07-24 17:46:03.729 +03:00  INF]  Request starting HTTP/2 POST https://localhost:7045/api/TravelAdmin/saveTripImage - multipart/form-data; boundary=----WebKitFormBoundaryxLkdnrAMRBCAA8Je 474019
[2025-07-24 17:46:03.757 +03:00  INF]  CORS policy execution successful.
[2025-07-24 17:46:03.760 +03:00  INF]  Executing endpoint 'ITravel_App.Controllers.TravelAdminController.saveTripImage (ITravel_App)'
[2025-07-24 17:46:03.800 +03:00  INF]  Route matched with {action = "saveTripImage", controller = "TravelAdmin"}. Executing controller action with signature Microsoft.AspNetCore.Mvc.IActionResult saveTripImage(ITravelApp.Data.Models.trips.TripImgReq) on controller ITravel_App.Controllers.TravelAdminController (ITravel_App).
[2025-07-24 17:46:10.499 +03:00  INF]  Executed DbCommand (125ms) [Parameters=[@__trip_trip_id_0='?' (DbType = Decimal), @__trip_is_default_1='?' (DbType = Boolean)], CommandType='"Text"', CommandTimeout='30']
SELECT t.id, t.img_name, t.img_path, t.is_default, t.trip_id
FROM trip_imgs AS t
WHERE t.trip_id = @__trip_trip_id_0 AND t.is_default = @__trip_is_default_1
LIMIT 2
[2025-07-24 17:46:10.592 +03:00  INF]  Executed DbCommand (2ms) [Parameters=[], CommandType='"Text"', CommandTimeout='30']
SELECT count(*)::int
FROM trip_imgs AS t
[2025-07-24 17:46:10.901 +03:00  INF]  Executed DbCommand (8ms) [Parameters=[@p0='?' (DbType = Int32), @p1='?', @p2='?', @p3='?' (DbType = Boolean), @p4='?' (DbType = Decimal)], CommandType='"Text"', CommandTimeout='30']
INSERT INTO trip_imgs (id, img_name, img_path, is_default, trip_id)
VALUES (@p0, @p1, @p2, @p3, @p4);
[2025-07-24 17:46:10.926 +03:00  INF]  Executing OkObjectResult, writing value of type 'ITravelApp.Data.Models.ResponseCls'.
[2025-07-24 17:46:10.948 +03:00  INF]  Executed action ITravel_App.Controllers.TravelAdminController.saveTripImage (ITravel_App) in 7139.9862ms
[2025-07-24 17:46:10.951 +03:00  INF]  Executed endpoint 'ITravel_App.Controllers.TravelAdminController.saveTripImage (ITravel_App)'
[2025-07-24 17:46:10.967 +03:00  INF]  Request finished HTTP/2 POST https://localhost:7045/api/TravelAdmin/saveTripImage - 200 null application/json; charset=utf-8 7238.9283ms
[2025-07-24 17:48:43.304 +03:00  WRN]  The WebRootPath was not found: D:\ItravelWebsite\API\ITravel_App\ITravel_App\wwwroot. Static files may be unavailable.
[2025-07-24 17:48:43.790 +03:00  INF]  Now listening on: https://localhost:7045
[2025-07-24 17:48:43.804 +03:00  INF]  Now listening on: http://localhost:5124
[2025-07-24 17:48:45.149 +03:00  INF]  Application started. Press Ctrl+C to shut down.
[2025-07-24 17:48:45.150 +03:00  INF]  Hosting environment: Development
[2025-07-24 17:48:45.150 +03:00  INF]  Content root path: D:\ItravelWebsite\API\ITravel_App\ITravel_App
[2025-07-24 17:48:45.246 +03:00  INF]  Request starting HTTP/2 GET https://localhost:7045/swagger/index.html - null null
[2025-07-24 17:48:45.668 +03:00  INF]  Request finished HTTP/2 GET https://localhost:7045/swagger/index.html - 200 null text/html;charset=utf-8 433.2991ms
[2025-07-24 17:48:45.705 +03:00  INF]  Request starting HTTP/2 GET https://localhost:7045/_framework/aspnetcore-browser-refresh.js - null null
[2025-07-24 17:48:45.738 +03:00  INF]  Request starting HTTP/2 GET https://localhost:7045/_vs/browserLink - null null
[2025-07-24 17:48:45.762 +03:00  INF]  Request finished HTTP/2 GET https://localhost:7045/_framework/aspnetcore-browser-refresh.js - 200 16507 application/javascript; charset=utf-8 57.0215ms
[2025-07-24 17:48:45.832 +03:00  INF]  Request finished HTTP/2 GET https://localhost:7045/_vs/browserLink - 200 null text/javascript; charset=UTF-8 93.5553ms
[2025-07-24 17:48:46.017 +03:00  INF]  Request starting HTTP/2 GET https://localhost:7045/swagger/v1/swagger.json - null null
[2025-07-24 17:48:46.049 +03:00  INF]  Request finished HTTP/2 GET https://localhost:7045/swagger/v1/swagger.json - 200 null application/json;charset=utf-8 31.7413ms
[2025-07-24 17:54:37.843 +03:00  INF]  Request starting HTTP/2 POST https://localhost:7045/api/TravelAdmin/SaveMainFacility - application/json 153
[2025-07-24 17:54:37.897 +03:00  INF]  CORS policy execution successful.
[2025-07-24 17:54:37.903 +03:00  INF]  Executing endpoint 'ITravel_App.Controllers.TravelAdminController.SaveMainFacility (ITravel_App)'
[2025-07-24 17:54:37.945 +03:00  INF]  Route matched with {action = "SaveMainFacility", controller = "TravelAdmin"}. Executing controller action with signature Microsoft.AspNetCore.Mvc.IActionResult SaveMainFacility(ITravelApp.Data.Entities.facility_main) on controller ITravel_App.Controllers.TravelAdminController (ITravel_App).
[2025-07-24 17:54:42.736 +03:00  INF]  Executed DbCommand (94ms) [Parameters=[@__row_facility_code_0='?', @__row_active_1='?' (DbType = Boolean)], CommandType='"Text"', CommandTimeout='30']
SELECT f.id, f.active, f.facility_code, f.facility_default_name
FROM facility_main AS f
WHERE f.facility_code = @__row_facility_code_0 AND f.active = @__row_active_1
LIMIT 2
[2025-07-24 17:54:42.792 +03:00  INF]  Executed DbCommand (2ms) [Parameters=[], CommandType='"Text"', CommandTimeout='30']
SELECT count(*)::int
FROM facility_main AS f
[2025-07-24 17:54:43.019 +03:00  ERR]  Failed executing DbCommand (18ms) [Parameters=[@p0='?' (DbType = Int32), @p1='?' (DbType = Boolean), @p2='?', @p3='?'], CommandType='"Text"', CommandTimeout='30']
INSERT INTO facility_main (id, active, facility_code, facility_default_name)
VALUES (@p0, @p1, @p2, @p3);
[2025-07-24 17:54:43.057 +03:00  ERR]  An exception occurred in the database while saving changes for context type 'ITravelApp.Data.Data.itravel_client_dbContext'.
Microsoft.EntityFrameworkCore.DbUpdateException: An error occurred while saving the entity changes. See the inner exception for details.
 ---> Npgsql.PostgresException (0x80004005): 22001: value too long for type character varying(20)
   at Npgsql.Internal.NpgsqlConnector.ReadMessageLong(Boolean async, DataRowLoadingMode dataRowLoadingMode, Boolean readingNotifications, Boolean isReadingPrependedMessage)
   at System.Runtime.CompilerServices.PoolingAsyncValueTaskMethodBuilder`1.StateMachineBox`1.System.Threading.Tasks.Sources.IValueTaskSource<TResult>.GetResult(Int16 token)
   at Npgsql.NpgsqlDataReader.NextResult(Boolean async, Boolean isConsuming, CancellationToken cancellationToken)
   at Npgsql.NpgsqlDataReader.NextResult(Boolean async, Boolean isConsuming, CancellationToken cancellationToken)
   at Npgsql.NpgsqlDataReader.NextResult()
   at Npgsql.NpgsqlCommand.ExecuteReader(Boolean async, CommandBehavior behavior, CancellationToken cancellationToken)
   at Npgsql.NpgsqlCommand.ExecuteReader(Boolean async, CommandBehavior behavior, CancellationToken cancellationToken)
   at Npgsql.NpgsqlCommand.ExecuteReader(CommandBehavior behavior)
   at Npgsql.NpgsqlCommand.ExecuteDbDataReader(CommandBehavior behavior)
   at Microsoft.EntityFrameworkCore.Storage.RelationalCommand.ExecuteReader(RelationalCommandParameterObject parameterObject)
   at Microsoft.EntityFrameworkCore.Update.ReaderModificationCommandBatch.Execute(IRelationalConnection connection)
  Exception data:
    Severity: ERROR
    SqlState: 22001
    MessageText: value too long for type character varying(20)
    File: varchar.c
    Line: 640
    Routine: varchar
   --- End of inner exception stack trace ---
   at Microsoft.EntityFrameworkCore.Update.ReaderModificationCommandBatch.Execute(IRelationalConnection connection)
   at Microsoft.EntityFrameworkCore.Update.Internal.BatchExecutor.Execute(IEnumerable`1 commandBatches, IRelationalConnection connection)
   at Microsoft.EntityFrameworkCore.Storage.RelationalDatabase.SaveChanges(IList`1 entries)
   at Microsoft.EntityFrameworkCore.ChangeTracking.Internal.StateManager.SaveChanges(IList`1 entriesToSave)
   at Microsoft.EntityFrameworkCore.ChangeTracking.Internal.StateManager.SaveChanges(StateManager stateManager, Boolean acceptAllChangesOnSuccess)
   at Microsoft.EntityFrameworkCore.ChangeTracking.Internal.StateManager.<>c.<SaveChanges>b__112_0(DbContext _, ValueTuple`2 t)
   at Npgsql.EntityFrameworkCore.PostgreSQL.Storage.Internal.NpgsqlExecutionStrategy.Execute[TState,TResult](TState state, Func`3 operation, Func`3 verifySucceeded)
   at Microsoft.EntityFrameworkCore.ChangeTracking.Internal.StateManager.SaveChanges(Boolean acceptAllChangesOnSuccess)
   at Microsoft.EntityFrameworkCore.DbContext.SaveChanges(Boolean acceptAllChangesOnSuccess)
Microsoft.EntityFrameworkCore.DbUpdateException: An error occurred while saving the entity changes. See the inner exception for details.
 ---> Npgsql.PostgresException (0x80004005): 22001: value too long for type character varying(20)
   at Npgsql.Internal.NpgsqlConnector.ReadMessageLong(Boolean async, DataRowLoadingMode dataRowLoadingMode, Boolean readingNotifications, Boolean isReadingPrependedMessage)
   at System.Runtime.CompilerServices.PoolingAsyncValueTaskMethodBuilder`1.StateMachineBox`1.System.Threading.Tasks.Sources.IValueTaskSource<TResult>.GetResult(Int16 token)
   at Npgsql.NpgsqlDataReader.NextResult(Boolean async, Boolean isConsuming, CancellationToken cancellationToken)
   at Npgsql.NpgsqlDataReader.NextResult(Boolean async, Boolean isConsuming, CancellationToken cancellationToken)
   at Npgsql.NpgsqlDataReader.NextResult()
   at Npgsql.NpgsqlCommand.ExecuteReader(Boolean async, CommandBehavior behavior, CancellationToken cancellationToken)
   at Npgsql.NpgsqlCommand.ExecuteReader(Boolean async, CommandBehavior behavior, CancellationToken cancellationToken)
   at Npgsql.NpgsqlCommand.ExecuteReader(CommandBehavior behavior)
   at Npgsql.NpgsqlCommand.ExecuteDbDataReader(CommandBehavior behavior)
   at Microsoft.EntityFrameworkCore.Storage.RelationalCommand.ExecuteReader(RelationalCommandParameterObject parameterObject)
   at Microsoft.EntityFrameworkCore.Update.ReaderModificationCommandBatch.Execute(IRelationalConnection connection)
  Exception data:
    Severity: ERROR
    SqlState: 22001
    MessageText: value too long for type character varying(20)
    File: varchar.c
    Line: 640
    Routine: varchar
   --- End of inner exception stack trace ---
   at Microsoft.EntityFrameworkCore.Update.ReaderModificationCommandBatch.Execute(IRelationalConnection connection)
   at Microsoft.EntityFrameworkCore.Update.Internal.BatchExecutor.Execute(IEnumerable`1 commandBatches, IRelationalConnection connection)
   at Microsoft.EntityFrameworkCore.Storage.RelationalDatabase.SaveChanges(IList`1 entries)
   at Microsoft.EntityFrameworkCore.ChangeTracking.Internal.StateManager.SaveChanges(IList`1 entriesToSave)
   at Microsoft.EntityFrameworkCore.ChangeTracking.Internal.StateManager.SaveChanges(StateManager stateManager, Boolean acceptAllChangesOnSuccess)
   at Microsoft.EntityFrameworkCore.ChangeTracking.Internal.StateManager.<>c.<SaveChanges>b__112_0(DbContext _, ValueTuple`2 t)
   at Npgsql.EntityFrameworkCore.PostgreSQL.Storage.Internal.NpgsqlExecutionStrategy.Execute[TState,TResult](TState state, Func`3 operation, Func`3 verifySucceeded)
   at Microsoft.EntityFrameworkCore.ChangeTracking.Internal.StateManager.SaveChanges(Boolean acceptAllChangesOnSuccess)
   at Microsoft.EntityFrameworkCore.DbContext.SaveChanges(Boolean acceptAllChangesOnSuccess)
[2025-07-24 17:54:51.004 +03:00  INF]  Executing OkObjectResult, writing value of type 'ITravelApp.Data.Models.ResponseCls'.
[2025-07-24 17:54:51.021 +03:00  INF]  Executed action ITravel_App.Controllers.TravelAdminController.SaveMainFacility (ITravel_App) in 13070.3998ms
[2025-07-24 17:54:51.021 +03:00  INF]  Executed endpoint 'ITravel_App.Controllers.TravelAdminController.SaveMainFacility (ITravel_App)'
[2025-07-24 17:54:51.039 +03:00  INF]  Request finished HTTP/2 POST https://localhost:7045/api/TravelAdmin/SaveMainFacility - 200 null application/json; charset=utf-8 13196.5361ms
[2025-07-24 17:55:03.247 +03:00  INF]  Request starting HTTP/2 POST https://localhost:7045/api/TravelAdmin/SaveMainFacility - application/json 131
[2025-07-24 17:55:03.258 +03:00  INF]  CORS policy execution successful.
[2025-07-24 17:55:03.258 +03:00  INF]  Executing endpoint 'ITravel_App.Controllers.TravelAdminController.SaveMainFacility (ITravel_App)'
[2025-07-24 17:55:03.259 +03:00  INF]  Route matched with {action = "SaveMainFacility", controller = "TravelAdmin"}. Executing controller action with signature Microsoft.AspNetCore.Mvc.IActionResult SaveMainFacility(ITravelApp.Data.Entities.facility_main) on controller ITravel_App.Controllers.TravelAdminController (ITravel_App).
[2025-07-24 17:55:04.710 +03:00  INF]  Executed DbCommand (1ms) [Parameters=[@__row_facility_code_0='?', @__row_active_1='?' (DbType = Boolean)], CommandType='"Text"', CommandTimeout='30']
SELECT f.id, f.active, f.facility_code, f.facility_default_name
FROM facility_main AS f
WHERE f.facility_code = @__row_facility_code_0 AND f.active = @__row_active_1
LIMIT 2
[2025-07-24 17:55:04.711 +03:00  INF]  Executed DbCommand (0ms) [Parameters=[], CommandType='"Text"', CommandTimeout='30']
SELECT count(*)::int
FROM facility_main AS f
[2025-07-24 17:55:04.720 +03:00  INF]  Executed DbCommand (4ms) [Parameters=[@p0='?' (DbType = Int32), @p1='?' (DbType = Boolean), @p2='?', @p3='?'], CommandType='"Text"', CommandTimeout='30']
INSERT INTO facility_main (id, active, facility_code, facility_default_name)
VALUES (@p0, @p1, @p2, @p3);
[2025-07-24 17:55:04.734 +03:00  INF]  Executing OkObjectResult, writing value of type 'ITravelApp.Data.Models.ResponseCls'.
[2025-07-24 17:55:04.735 +03:00  INF]  Executed action ITravel_App.Controllers.TravelAdminController.SaveMainFacility (ITravel_App) in 1476.0484ms
[2025-07-24 17:55:04.735 +03:00  INF]  Executed endpoint 'ITravel_App.Controllers.TravelAdminController.SaveMainFacility (ITravel_App)'
[2025-07-24 17:55:04.736 +03:00  INF]  Request finished HTTP/2 POST https://localhost:7045/api/TravelAdmin/SaveMainFacility - 200 null application/json; charset=utf-8 1488.556ms
[2025-07-24 17:55:24.140 +03:00  INF]  Request starting HTTP/2 POST https://localhost:7045/api/TravelAdmin/SaveFacilityTranslation - application/json 187
[2025-07-24 17:55:24.141 +03:00  INF]  CORS policy execution successful.
[2025-07-24 17:55:24.141 +03:00  INF]  Executing endpoint 'ITravel_App.Controllers.TravelAdminController.SaveFacilityTranslation (ITravel_App)'
[2025-07-24 17:55:24.162 +03:00  INF]  Route matched with {action = "SaveFacilityTranslation", controller = "TravelAdmin"}. Executing controller action with signature Microsoft.AspNetCore.Mvc.IActionResult SaveFacilityTranslation(ITravelApp.Data.Models.trips.FacilityTranslationReq) on controller ITravel_App.Controllers.TravelAdminController (ITravel_App).
[2025-07-24 17:55:25.714 +03:00  INF]  Executed DbCommand (9ms) [Parameters=[@__facility_lang_code_0='?', @__facility_facility_id_1='?' (DbType = Decimal)], CommandType='"Text"', CommandTimeout='30']
SELECT f.id, f.facility_desc, f.facility_id, f.facility_name, f.lang_code
FROM facility_translations AS f
WHERE f.lang_code = @__facility_lang_code_0 AND f.facility_id = @__facility_facility_id_1
LIMIT 2
[2025-07-24 17:55:25.719 +03:00  INF]  Executed DbCommand (0ms) [Parameters=[], CommandType='"Text"', CommandTimeout='30']
SELECT count(*)::int
FROM facility_translations AS f
[2025-07-24 17:55:25.756 +03:00  INF]  Executed DbCommand (4ms) [Parameters=[@p0='?' (DbType = Int32), @p1='?', @p2='?' (DbType = Decimal), @p3='?', @p4='?'], CommandType='"Text"', CommandTimeout='30']
INSERT INTO facility_translations (id, facility_desc, facility_id, facility_name, lang_code)
VALUES (@p0, @p1, @p2, @p3, @p4);
[2025-07-24 17:55:25.757 +03:00  INF]  Executing OkObjectResult, writing value of type 'ITravelApp.Data.Models.ResponseCls'.
[2025-07-24 17:55:25.757 +03:00  INF]  Executed action ITravel_App.Controllers.TravelAdminController.SaveFacilityTranslation (ITravel_App) in 1594.3756ms
[2025-07-24 17:55:25.757 +03:00  INF]  Executed endpoint 'ITravel_App.Controllers.TravelAdminController.SaveFacilityTranslation (ITravel_App)'
[2025-07-24 17:55:25.757 +03:00  INF]  Request finished HTTP/2 POST https://localhost:7045/api/TravelAdmin/SaveFacilityTranslation - 200 null application/json; charset=utf-8 1616.7612ms
[2025-07-24 17:56:22.524 +03:00  INF]  Request starting HTTP/2 POST https://localhost:7045/api/TravelAdmin/SaveFacilityTranslation - application/json 173
[2025-07-24 17:56:22.524 +03:00  INF]  CORS policy execution successful.
[2025-07-24 17:56:22.525 +03:00  INF]  Executing endpoint 'ITravel_App.Controllers.TravelAdminController.SaveFacilityTranslation (ITravel_App)'
[2025-07-24 17:56:22.525 +03:00  INF]  Route matched with {action = "SaveFacilityTranslation", controller = "TravelAdmin"}. Executing controller action with signature Microsoft.AspNetCore.Mvc.IActionResult SaveFacilityTranslation(ITravelApp.Data.Models.trips.FacilityTranslationReq) on controller ITravel_App.Controllers.TravelAdminController (ITravel_App).
[2025-07-24 17:56:23.763 +03:00  INF]  Executed DbCommand (1ms) [Parameters=[@__facility_lang_code_0='?', @__facility_facility_id_1='?' (DbType = Decimal)], CommandType='"Text"', CommandTimeout='30']
SELECT f.id, f.facility_desc, f.facility_id, f.facility_name, f.lang_code
FROM facility_translations AS f
WHERE f.lang_code = @__facility_lang_code_0 AND f.facility_id = @__facility_facility_id_1
LIMIT 2
[2025-07-24 17:56:23.764 +03:00  INF]  Executed DbCommand (0ms) [Parameters=[], CommandType='"Text"', CommandTimeout='30']
SELECT count(*)::int
FROM facility_translations AS f
[2025-07-24 17:56:23.789 +03:00  INF]  Executed DbCommand (1ms) [Parameters=[], CommandType='"Text"', CommandTimeout='30']
SELECT max(f.id)
FROM facility_translations AS f
[2025-07-24 17:56:23.792 +03:00  INF]  Executed DbCommand (2ms) [Parameters=[@p0='?' (DbType = Int32), @p1='?', @p2='?' (DbType = Decimal), @p3='?', @p4='?'], CommandType='"Text"', CommandTimeout='30']
INSERT INTO facility_translations (id, facility_desc, facility_id, facility_name, lang_code)
VALUES (@p0, @p1, @p2, @p3, @p4);
[2025-07-24 17:56:23.792 +03:00  INF]  Executing OkObjectResult, writing value of type 'ITravelApp.Data.Models.ResponseCls'.
[2025-07-24 17:56:23.792 +03:00  INF]  Executed action ITravel_App.Controllers.TravelAdminController.SaveFacilityTranslation (ITravel_App) in 1267.4896ms
[2025-07-24 17:56:23.792 +03:00  INF]  Executed endpoint 'ITravel_App.Controllers.TravelAdminController.SaveFacilityTranslation (ITravel_App)'
[2025-07-24 17:56:23.793 +03:00  INF]  Request finished HTTP/2 POST https://localhost:7045/api/TravelAdmin/SaveFacilityTranslation - 200 null application/json; charset=utf-8 1268.937ms
[2025-07-24 17:56:36.646 +03:00  INF]  Request starting HTTP/2 POST https://localhost:7045/api/TravelAdmin/SaveFacilityTranslation - application/json 173
[2025-07-24 17:56:36.646 +03:00  INF]  CORS policy execution successful.
[2025-07-24 17:56:36.646 +03:00  INF]  Executing endpoint 'ITravel_App.Controllers.TravelAdminController.SaveFacilityTranslation (ITravel_App)'
[2025-07-24 17:56:36.646 +03:00  INF]  Route matched with {action = "SaveFacilityTranslation", controller = "TravelAdmin"}. Executing controller action with signature Microsoft.AspNetCore.Mvc.IActionResult SaveFacilityTranslation(ITravelApp.Data.Models.trips.FacilityTranslationReq) on controller ITravel_App.Controllers.TravelAdminController (ITravel_App).
[2025-07-24 17:56:38.210 +03:00  INF]  Executed DbCommand (1ms) [Parameters=[@__facility_lang_code_0='?', @__facility_facility_id_1='?' (DbType = Decimal)], CommandType='"Text"', CommandTimeout='30']
SELECT f.id, f.facility_desc, f.facility_id, f.facility_name, f.lang_code
FROM facility_translations AS f
WHERE f.lang_code = @__facility_lang_code_0 AND f.facility_id = @__facility_facility_id_1
LIMIT 2
[2025-07-24 17:56:38.220 +03:00  INF]  Executing OkObjectResult, writing value of type 'ITravelApp.Data.Models.ResponseCls'.
[2025-07-24 17:56:38.221 +03:00  INF]  Executed action ITravel_App.Controllers.TravelAdminController.SaveFacilityTranslation (ITravel_App) in 1574.4024ms
[2025-07-24 17:56:38.221 +03:00  INF]  Executed endpoint 'ITravel_App.Controllers.TravelAdminController.SaveFacilityTranslation (ITravel_App)'
[2025-07-24 17:56:38.221 +03:00  INF]  Request finished HTTP/2 POST https://localhost:7045/api/TravelAdmin/SaveFacilityTranslation - 200 null application/json; charset=utf-8 1575.8281ms
[2025-07-24 17:56:49.556 +03:00  INF]  Request starting HTTP/2 POST https://localhost:7045/api/TravelAdmin/SaveFacilityTranslation - application/json 172
[2025-07-24 17:56:49.556 +03:00  INF]  CORS policy execution successful.
[2025-07-24 17:56:49.557 +03:00  INF]  Executing endpoint 'ITravel_App.Controllers.TravelAdminController.SaveFacilityTranslation (ITravel_App)'
[2025-07-24 17:56:49.557 +03:00  INF]  Route matched with {action = "SaveFacilityTranslation", controller = "TravelAdmin"}. Executing controller action with signature Microsoft.AspNetCore.Mvc.IActionResult SaveFacilityTranslation(ITravelApp.Data.Models.trips.FacilityTranslationReq) on controller ITravel_App.Controllers.TravelAdminController (ITravel_App).
[2025-07-24 17:56:50.675 +03:00  INF]  Executed DbCommand (3ms) [Parameters=[@p0='?' (DbType = Int32)], CommandType='"Text"', CommandTimeout='30']
DELETE FROM facility_translations
WHERE id = @p0;
[2025-07-24 17:56:50.680 +03:00  INF]  Executing OkObjectResult, writing value of type 'ITravelApp.Data.Models.ResponseCls'.
[2025-07-24 17:56:50.681 +03:00  INF]  Executed action ITravel_App.Controllers.TravelAdminController.SaveFacilityTranslation (ITravel_App) in 1124.0212ms
[2025-07-24 17:56:50.681 +03:00  INF]  Executed endpoint 'ITravel_App.Controllers.TravelAdminController.SaveFacilityTranslation (ITravel_App)'
[2025-07-24 17:56:50.681 +03:00  INF]  Request finished HTTP/2 POST https://localhost:7045/api/TravelAdmin/SaveFacilityTranslation - 200 null application/json; charset=utf-8 1125.1021ms
[2025-07-24 17:57:15.910 +03:00  INF]  Request starting HTTP/2 POST https://localhost:7045/api/TravelAdmin/SaveFacilityTranslation - application/json 173
[2025-07-24 17:57:15.910 +03:00  INF]  CORS policy execution successful.
[2025-07-24 17:57:15.910 +03:00  INF]  Executing endpoint 'ITravel_App.Controllers.TravelAdminController.SaveFacilityTranslation (ITravel_App)'
[2025-07-24 17:57:15.911 +03:00  INF]  Route matched with {action = "SaveFacilityTranslation", controller = "TravelAdmin"}. Executing controller action with signature Microsoft.AspNetCore.Mvc.IActionResult SaveFacilityTranslation(ITravelApp.Data.Models.trips.FacilityTranslationReq) on controller ITravel_App.Controllers.TravelAdminController (ITravel_App).
[2025-07-24 17:57:17.129 +03:00  INF]  Executed DbCommand (1ms) [Parameters=[@p4='?' (DbType = Int32), @p0='?', @p1='?' (DbType = Decimal), @p2='?', @p3='?'], CommandType='"Text"', CommandTimeout='30']
UPDATE facility_translations SET facility_desc = @p0, facility_id = @p1, facility_name = @p2, lang_code = @p3
WHERE id = @p4;
[2025-07-24 17:57:23.226 +03:00  INF]  Executing OkObjectResult, writing value of type 'ITravelApp.Data.Models.ResponseCls'.
[2025-07-24 17:57:23.226 +03:00  INF]  Executed action ITravel_App.Controllers.TravelAdminController.SaveFacilityTranslation (ITravel_App) in 7315.4264ms
[2025-07-24 17:57:23.226 +03:00  INF]  Executed endpoint 'ITravel_App.Controllers.TravelAdminController.SaveFacilityTranslation (ITravel_App)'
[2025-07-24 17:57:23.227 +03:00  INF]  Request finished HTTP/2 POST https://localhost:7045/api/TravelAdmin/SaveFacilityTranslation - 200 null application/json; charset=utf-8 7316.3588ms
[2025-07-24 17:57:32.629 +03:00  INF]  Request starting HTTP/2 POST https://localhost:7045/api/TravelAdmin/SaveFacilityTranslation - application/json 173
[2025-07-24 17:57:32.630 +03:00  INF]  CORS policy execution successful.
[2025-07-24 17:57:32.630 +03:00  INF]  Executing endpoint 'ITravel_App.Controllers.TravelAdminController.SaveFacilityTranslation (ITravel_App)'
[2025-07-24 17:57:32.630 +03:00  INF]  Route matched with {action = "SaveFacilityTranslation", controller = "TravelAdmin"}. Executing controller action with signature Microsoft.AspNetCore.Mvc.IActionResult SaveFacilityTranslation(ITravelApp.Data.Models.trips.FacilityTranslationReq) on controller ITravel_App.Controllers.TravelAdminController (ITravel_App).
[2025-07-24 17:57:33.907 +03:00  INF]  Executed DbCommand (1ms) [Parameters=[@__facility_lang_code_0='?', @__facility_facility_id_1='?' (DbType = Decimal)], CommandType='"Text"', CommandTimeout='30']
SELECT f.id, f.facility_desc, f.facility_id, f.facility_name, f.lang_code
FROM facility_translations AS f
WHERE f.lang_code = @__facility_lang_code_0 AND f.facility_id = @__facility_facility_id_1
LIMIT 2
[2025-07-24 17:57:33.907 +03:00  INF]  Executed DbCommand (1ms) [Parameters=[], CommandType='"Text"', CommandTimeout='30']
SELECT count(*)::int
FROM facility_translations AS f
[2025-07-24 17:57:33.908 +03:00  INF]  Executed DbCommand (1ms) [Parameters=[], CommandType='"Text"', CommandTimeout='30']
SELECT max(f.id)
FROM facility_translations AS f
[2025-07-24 17:57:33.912 +03:00  INF]  Executed DbCommand (2ms) [Parameters=[@p0='?' (DbType = Int32), @p1='?', @p2='?' (DbType = Decimal), @p3='?', @p4='?'], CommandType='"Text"', CommandTimeout='30']
INSERT INTO facility_translations (id, facility_desc, facility_id, facility_name, lang_code)
VALUES (@p0, @p1, @p2, @p3, @p4);
[2025-07-24 17:57:33.912 +03:00  INF]  Executing OkObjectResult, writing value of type 'ITravelApp.Data.Models.ResponseCls'.
[2025-07-24 17:57:33.912 +03:00  INF]  Executed action ITravel_App.Controllers.TravelAdminController.SaveFacilityTranslation (ITravel_App) in 1281.9736ms
[2025-07-24 17:57:33.912 +03:00  INF]  Executed endpoint 'ITravel_App.Controllers.TravelAdminController.SaveFacilityTranslation (ITravel_App)'
[2025-07-24 17:57:33.912 +03:00  INF]  Request finished HTTP/2 POST https://localhost:7045/api/TravelAdmin/SaveFacilityTranslation - 200 null application/json; charset=utf-8 1282.9811ms
[2025-07-24 17:57:48.008 +03:00  INF]  Request starting HTTP/2 POST https://localhost:7045/api/TravelAdmin/AssignFacilityToTrip - application/json 86
[2025-07-24 17:57:48.009 +03:00  INF]  CORS policy execution successful.
[2025-07-24 17:57:48.009 +03:00  INF]  Executing endpoint 'ITravel_App.Controllers.TravelAdminController.AssignFacilityToTrip (ITravel_App)'
[2025-07-24 17:57:48.011 +03:00  INF]  Route matched with {action = "AssignFacilityToTrip", controller = "TravelAdmin"}. Executing controller action with signature Microsoft.AspNetCore.Mvc.IActionResult AssignFacilityToTrip(ITravelApp.Data.Models.trips.TripFacilityAssignReq) on controller ITravel_App.Controllers.TravelAdminController (ITravel_App).
[2025-07-24 17:57:49.271 +03:00  INF]  Executed DbCommand (2ms) [Parameters=[@__trip_trip_id_0='?' (DbType = Decimal), @__trip_facility_id_1='?' (DbType = Decimal)], CommandType='"Text"', CommandTimeout='30']
SELECT t.id, t.active, t.facility_id, t.trip_id
FROM trip_facility AS t
WHERE t.trip_id = @__trip_trip_id_0 AND t.facility_id = @__trip_facility_id_1
LIMIT 2
[2025-07-24 17:57:49.276 +03:00  INF]  Executed DbCommand (0ms) [Parameters=[], CommandType='"Text"', CommandTimeout='30']
SELECT count(*)::int
FROM trip_facility AS t
[2025-07-24 17:57:49.300 +03:00  INF]  Executed DbCommand (3ms) [Parameters=[@p0='?' (DbType = Int32), @p1='?' (DbType = Boolean), @p2='?' (DbType = Decimal), @p3='?' (DbType = Decimal)], CommandType='"Text"', CommandTimeout='30']
INSERT INTO trip_facility (id, active, facility_id, trip_id)
VALUES (@p0, @p1, @p2, @p3);
[2025-07-24 17:57:49.301 +03:00  INF]  Executing OkObjectResult, writing value of type 'ITravelApp.Data.Models.ResponseCls'.
[2025-07-24 17:57:49.301 +03:00  INF]  Executed action ITravel_App.Controllers.TravelAdminController.AssignFacilityToTrip (ITravel_App) in 1290.5ms
[2025-07-24 17:57:49.301 +03:00  INF]  Executed endpoint 'ITravel_App.Controllers.TravelAdminController.AssignFacilityToTrip (ITravel_App)'
[2025-07-24 17:57:49.301 +03:00  INF]  Request finished HTTP/2 POST https://localhost:7045/api/TravelAdmin/AssignFacilityToTrip - 200 null application/json; charset=utf-8 1293.3244ms
[2025-07-24 17:57:53.576 +03:00  INF]  Request starting HTTP/2 POST https://localhost:7045/api/TravelAdmin/AssignFacilityToTrip - application/json 86
[2025-07-24 17:57:53.576 +03:00  INF]  CORS policy execution successful.
[2025-07-24 17:57:53.576 +03:00  INF]  Executing endpoint 'ITravel_App.Controllers.TravelAdminController.AssignFacilityToTrip (ITravel_App)'
[2025-07-24 17:57:53.577 +03:00  INF]  Route matched with {action = "AssignFacilityToTrip", controller = "TravelAdmin"}. Executing controller action with signature Microsoft.AspNetCore.Mvc.IActionResult AssignFacilityToTrip(ITravelApp.Data.Models.trips.TripFacilityAssignReq) on controller ITravel_App.Controllers.TravelAdminController (ITravel_App).
[2025-07-24 17:57:54.759 +03:00  INF]  Executed DbCommand (1ms) [Parameters=[@__trip_trip_id_0='?' (DbType = Decimal), @__trip_facility_id_1='?' (DbType = Decimal)], CommandType='"Text"', CommandTimeout='30']
SELECT t.id, t.active, t.facility_id, t.trip_id
FROM trip_facility AS t
WHERE t.trip_id = @__trip_trip_id_0 AND t.facility_id = @__trip_facility_id_1
LIMIT 2
[2025-07-24 17:57:54.762 +03:00  INF]  Executing OkObjectResult, writing value of type 'ITravelApp.Data.Models.ResponseCls'.
[2025-07-24 17:57:54.762 +03:00  INF]  Executed action ITravel_App.Controllers.TravelAdminController.AssignFacilityToTrip (ITravel_App) in 1184.8296ms
[2025-07-24 17:57:54.762 +03:00  INF]  Executed endpoint 'ITravel_App.Controllers.TravelAdminController.AssignFacilityToTrip (ITravel_App)'
[2025-07-24 17:57:54.762 +03:00  INF]  Request finished HTTP/2 POST https://localhost:7045/api/TravelAdmin/AssignFacilityToTrip - 200 null application/json; charset=utf-8 1185.8233ms
[2025-07-24 17:58:01.686 +03:00  INF]  Request starting HTTP/2 POST https://localhost:7045/api/TravelAdmin/AssignFacilityToTrip - application/json 85
[2025-07-24 17:58:01.687 +03:00  INF]  CORS policy execution successful.
[2025-07-24 17:58:01.687 +03:00  INF]  Executing endpoint 'ITravel_App.Controllers.TravelAdminController.AssignFacilityToTrip (ITravel_App)'
[2025-07-24 17:58:01.687 +03:00  INF]  Route matched with {action = "AssignFacilityToTrip", controller = "TravelAdmin"}. Executing controller action with signature Microsoft.AspNetCore.Mvc.IActionResult AssignFacilityToTrip(ITravelApp.Data.Models.trips.TripFacilityAssignReq) on controller ITravel_App.Controllers.TravelAdminController (ITravel_App).
[2025-07-24 17:58:08.152 +03:00  INF]  Executing OkObjectResult, writing value of type 'ITravelApp.Data.Models.ResponseCls'.
[2025-07-24 17:58:08.152 +03:00  INF]  Executed action ITravel_App.Controllers.TravelAdminController.AssignFacilityToTrip (ITravel_App) in 6465.2983ms
[2025-07-24 17:58:08.152 +03:00  INF]  Executed endpoint 'ITravel_App.Controllers.TravelAdminController.AssignFacilityToTrip (ITravel_App)'
[2025-07-24 17:58:08.152 +03:00  INF]  Request finished HTTP/2 POST https://localhost:7045/api/TravelAdmin/AssignFacilityToTrip - 200 null application/json; charset=utf-8 6465.9483ms
[2025-07-24 17:58:12.313 +03:00  INF]  Request starting HTTP/2 POST https://localhost:7045/api/TravelAdmin/AssignFacilityToTrip - application/json 85
[2025-07-24 17:58:12.313 +03:00  INF]  CORS policy execution successful.
[2025-07-24 17:58:12.313 +03:00  INF]  Executing endpoint 'ITravel_App.Controllers.TravelAdminController.AssignFacilityToTrip (ITravel_App)'
[2025-07-24 17:58:12.314 +03:00  INF]  Route matched with {action = "AssignFacilityToTrip", controller = "TravelAdmin"}. Executing controller action with signature Microsoft.AspNetCore.Mvc.IActionResult AssignFacilityToTrip(ITravelApp.Data.Models.trips.TripFacilityAssignReq) on controller ITravel_App.Controllers.TravelAdminController (ITravel_App).
[2025-07-24 17:58:13.742 +03:00  INF]  Executed DbCommand (2ms) [Parameters=[@p0='?' (DbType = Int32)], CommandType='"Text"', CommandTimeout='30']
DELETE FROM trip_facility
WHERE id = @p0;
[2025-07-24 17:58:13.742 +03:00  INF]  Executing OkObjectResult, writing value of type 'ITravelApp.Data.Models.ResponseCls'.
[2025-07-24 17:58:13.743 +03:00  INF]  Executed action ITravel_App.Controllers.TravelAdminController.AssignFacilityToTrip (ITravel_App) in 1429.1323ms
[2025-07-24 17:58:13.743 +03:00  INF]  Executed endpoint 'ITravel_App.Controllers.TravelAdminController.AssignFacilityToTrip (ITravel_App)'
[2025-07-24 17:58:13.743 +03:00  INF]  Request finished HTTP/2 POST https://localhost:7045/api/TravelAdmin/AssignFacilityToTrip - 200 null application/json; charset=utf-8 1429.7796ms
[2025-07-24 17:58:34.724 +03:00  INF]  Request starting HTTP/2 POST https://localhost:7045/api/TravelAdmin/AssignFacilityToTrip - application/json 86
[2025-07-24 17:58:34.724 +03:00  INF]  CORS policy execution successful.
[2025-07-24 17:58:34.724 +03:00  INF]  Executing endpoint 'ITravel_App.Controllers.TravelAdminController.AssignFacilityToTrip (ITravel_App)'
[2025-07-24 17:58:34.725 +03:00  INF]  Route matched with {action = "AssignFacilityToTrip", controller = "TravelAdmin"}. Executing controller action with signature Microsoft.AspNetCore.Mvc.IActionResult AssignFacilityToTrip(ITravelApp.Data.Models.trips.TripFacilityAssignReq) on controller ITravel_App.Controllers.TravelAdminController (ITravel_App).
[2025-07-24 17:58:36.307 +03:00  INF]  Executed DbCommand (1ms) [Parameters=[@__trip_trip_id_0='?' (DbType = Decimal), @__trip_facility_id_1='?' (DbType = Decimal)], CommandType='"Text"', CommandTimeout='30']
SELECT t.id, t.active, t.facility_id, t.trip_id
FROM trip_facility AS t
WHERE t.trip_id = @__trip_trip_id_0 AND t.facility_id = @__trip_facility_id_1
LIMIT 2
[2025-07-24 17:58:36.308 +03:00  INF]  Executed DbCommand (1ms) [Parameters=[], CommandType='"Text"', CommandTimeout='30']
SELECT count(*)::int
FROM trip_facility AS t
[2025-07-24 17:58:36.310 +03:00  INF]  Executed DbCommand (1ms) [Parameters=[@p0='?' (DbType = Int32), @p1='?' (DbType = Boolean), @p2='?' (DbType = Decimal), @p3='?' (DbType = Decimal)], CommandType='"Text"', CommandTimeout='30']
INSERT INTO trip_facility (id, active, facility_id, trip_id)
VALUES (@p0, @p1, @p2, @p3);
[2025-07-24 17:58:36.310 +03:00  INF]  Executing OkObjectResult, writing value of type 'ITravelApp.Data.Models.ResponseCls'.
[2025-07-24 17:58:36.310 +03:00  INF]  Executed action ITravel_App.Controllers.TravelAdminController.AssignFacilityToTrip (ITravel_App) in 1585.5605ms
[2025-07-24 17:58:36.310 +03:00  INF]  Executed endpoint 'ITravel_App.Controllers.TravelAdminController.AssignFacilityToTrip (ITravel_App)'
[2025-07-24 17:58:36.310 +03:00  INF]  Request finished HTTP/2 POST https://localhost:7045/api/TravelAdmin/AssignFacilityToTrip - 200 null application/json; charset=utf-8 1586.5081ms
