[2025-07-23 11:09:38.081 +03:00  WRN]  The WebRootPath was not found: D:\ItravelWebsite\API\ITravel_App\ITravel_App\wwwroot. Static files may be unavailable.
[2025-07-23 11:09:38.442 +03:00  INF]  Now listening on: https://localhost:7045
[2025-07-23 11:09:38.443 +03:00  INF]  Now listening on: http://localhost:5124
[2025-07-23 11:09:38.966 +03:00  INF]  Application started. Press Ctrl+C to shut down.
[2025-07-23 11:09:38.967 +03:00  INF]  Hosting environment: Development
[2025-07-23 11:09:38.967 +03:00  INF]  Content root path: D:\ItravelWebsite\API\ITravel_App\ITravel_App
[2025-07-23 11:09:40.809 +03:00  INF]  Request starting HTTP/2 GET https://localhost:7045/swagger - null null
[2025-07-23 11:09:41.160 +03:00  INF]  Request finished HTTP/2 GET https://localhost:7045/swagger - 301 0 null 366.263ms
[2025-07-23 11:09:41.186 +03:00  INF]  Request starting HTTP/2 GET https://localhost:7045/swagger/index.html - null null
[2025-07-23 11:09:41.396 +03:00  INF]  Request finished HTTP/2 GET https://localhost:7045/swagger/index.html - 200 null text/html;charset=utf-8 209.9051ms
[2025-07-23 11:09:41.407 +03:00  INF]  Request starting HTTP/2 GET https://localhost:7045/swagger/swagger-ui-bundle.js - null null
[2025-07-23 11:09:41.408 +03:00  INF]  Request starting HTTP/2 GET https://localhost:7045/swagger/swagger-ui.css - null null
[2025-07-23 11:09:41.409 +03:00  INF]  Request starting HTTP/2 GET https://localhost:7045/swagger/swagger-ui-standalone-preset.js - null null
[2025-07-23 11:09:41.414 +03:00  INF]  Request starting HTTP/2 GET https://localhost:7045/_framework/aspnetcore-browser-refresh.js - null null
[2025-07-23 11:09:41.421 +03:00  INF]  Request finished HTTP/2 GET https://localhost:7045/_framework/aspnetcore-browser-refresh.js - 200 16507 application/javascript; charset=utf-8 7.7395ms
[2025-07-23 11:09:41.470 +03:00  INF]  Sending file. Request path: '/swagger-ui.css'. Physical path: 'N/A'
[2025-07-23 11:09:41.471 +03:00  INF]  Request finished HTTP/2 GET https://localhost:7045/swagger/swagger-ui.css - 200 152034 text/css 62.9312ms
[2025-07-23 11:09:41.471 +03:00  INF]  Sending file. Request path: '/swagger-ui-standalone-preset.js'. Physical path: 'N/A'
[2025-07-23 11:09:41.471 +03:00  INF]  Request finished HTTP/2 GET https://localhost:7045/swagger/swagger-ui-standalone-preset.js - 200 230280 text/javascript 61.8168ms
[2025-07-23 11:09:41.497 +03:00  INF]  Request starting HTTP/2 GET https://localhost:7045/_vs/browserLink - null null
[2025-07-23 11:09:41.593 +03:00  INF]  Sending file. Request path: '/swagger-ui-bundle.js'. Physical path: 'N/A'
[2025-07-23 11:09:41.593 +03:00  INF]  Request finished HTTP/2 GET https://localhost:7045/swagger/swagger-ui-bundle.js - 200 1456926 text/javascript 186.3113ms
[2025-07-23 11:09:41.914 +03:00  INF]  Request finished HTTP/2 GET https://localhost:7045/_vs/browserLink - 200 null text/javascript; charset=UTF-8 416.8566ms
[2025-07-23 11:09:42.089 +03:00  INF]  Request starting HTTP/2 GET https://localhost:7045/swagger/v1/swagger.json - null null
[2025-07-23 11:09:42.099 +03:00  INF]  Request finished HTTP/2 GET https://localhost:7045/swagger/v1/swagger.json - 200 null application/json;charset=utf-8 10.2125ms
[2025-07-23 11:09:42.150 +03:00  INF]  Request starting HTTP/2 GET https://localhost:7045/swagger/favicon-32x32.png - null null
[2025-07-23 11:09:42.150 +03:00  INF]  Sending file. Request path: '/favicon-32x32.png'. Physical path: 'N/A'
[2025-07-23 11:09:42.151 +03:00  INF]  Request finished HTTP/2 GET https://localhost:7045/swagger/favicon-32x32.png - 200 628 image/png 0.6454ms
[2025-07-23 15:17:38.692 +03:00  WRN]  The WebRootPath was not found: D:\ItravelWebsite\API\ITravel_App\ITravel_App\wwwroot. Static files may be unavailable.
[2025-07-23 15:17:39.113 +03:00  INF]  Now listening on: https://localhost:7045
[2025-07-23 15:17:39.115 +03:00  INF]  Now listening on: http://localhost:5124
[2025-07-23 15:17:39.396 +03:00  INF]  Application started. Press Ctrl+C to shut down.
[2025-07-23 15:17:39.396 +03:00  INF]  Hosting environment: Development
[2025-07-23 15:17:39.396 +03:00  INF]  Content root path: D:\ItravelWebsite\API\ITravel_App\ITravel_App
[2025-07-23 15:17:40.675 +03:00  INF]  Request starting HTTP/2 GET https://localhost:7045/swagger/index.html - null null
[2025-07-23 15:17:41.274 +03:00  INF]  Request starting HTTP/2 GET https://localhost:7045/_framework/aspnetcore-browser-refresh.js - null null
[2025-07-23 15:17:41.292 +03:00  INF]  Request starting HTTP/2 GET https://localhost:7045/_vs/browserLink - null null
[2025-07-23 15:17:41.468 +03:00  INF]  Request finished HTTP/2 GET https://localhost:7045/swagger/index.html - 200 null text/html;charset=utf-8 807.552ms
[2025-07-23 15:17:41.470 +03:00  INF]  Request finished HTTP/2 GET https://localhost:7045/_framework/aspnetcore-browser-refresh.js - 200 16507 application/javascript; charset=utf-8 69.0308ms
[2025-07-23 15:17:41.605 +03:00  INF]  Request finished HTTP/2 GET https://localhost:7045/_vs/browserLink - 200 null text/javascript; charset=UTF-8 313.1717ms
[2025-07-23 15:17:41.783 +03:00  INF]  Request starting HTTP/2 GET https://localhost:7045/swagger/v1/swagger.json - null null
[2025-07-23 15:17:41.824 +03:00  INF]  Request finished HTTP/2 GET https://localhost:7045/swagger/v1/swagger.json - 200 null application/json;charset=utf-8 40.7707ms
[2025-07-23 15:19:33.012 +03:00  INF]  Request starting HTTP/2 POST https://localhost:7045/api/TravelAdmin/SaveMainDestination - application/json 129
[2025-07-23 15:19:33.044 +03:00  INF]  CORS policy execution successful.
[2025-07-23 15:19:33.049 +03:00  INF]  Executing endpoint 'ITravel_App.Controllers.TravelAdminController.SaveMainDestination (ITravel_App)'
[2025-07-23 15:19:33.088 +03:00  INF]  Route matched with {action = "SaveMainDestination", controller = "TravelAdmin"}. Executing controller action with signature Microsoft.AspNetCore.Mvc.IActionResult SaveMainDestination(ITravelApp.Data.Entities.destination_main) on controller ITravel_App.Controllers.TravelAdminController (ITravel_App).
[2025-07-23 15:19:35.783 +03:00  INF]  Executed DbCommand (130ms) [Parameters=[@__row_dest_code_0='?', @__row_active_1='?' (DbType = Boolean)], CommandType='"Text"', CommandTimeout='30']
SELECT d.id, d.active, d.country, d.country_id, d.dest_code, d.dest_default_name
FROM destination_main AS d
WHERE d.dest_code = @__row_dest_code_0 AND d.active = @__row_active_1
LIMIT 2
[2025-07-23 15:19:35.876 +03:00  INF]  Executed DbCommand (1ms) [Parameters=[], CommandType='"Text"', CommandTimeout='30']
SELECT count(*)::int
FROM destination_main AS d
[2025-07-23 15:19:36.123 +03:00  INF]  Executed DbCommand (3ms) [Parameters=[@p0='?' (DbType = Int32), @p1='?' (DbType = Boolean), @p2='?', @p3='?' (DbType = Int32), @p4='?', @p5='?'], CommandType='"Text"', CommandTimeout='30']
INSERT INTO destination_main (id, active, country, country_id, dest_code, dest_default_name)
VALUES (@p0, @p1, @p2, @p3, @p4, @p5);
[2025-07-23 15:19:36.144 +03:00  INF]  Executing OkObjectResult, writing value of type 'ITravelApp.Data.Models.ResponseCls'.
[2025-07-23 15:19:36.159 +03:00  INF]  Executed action ITravel_App.Controllers.TravelAdminController.SaveMainDestination (ITravel_App) in 3065.4761ms
[2025-07-23 15:19:36.160 +03:00  INF]  Executed endpoint 'ITravel_App.Controllers.TravelAdminController.SaveMainDestination (ITravel_App)'
[2025-07-23 15:19:36.175 +03:00  INF]  Request finished HTTP/2 POST https://localhost:7045/api/TravelAdmin/SaveMainDestination - 200 null application/json; charset=utf-8 3163.8604ms
[2025-07-23 15:21:09.153 +03:00  INF]  Request starting HTTP/2 POST https://localhost:7045/api/TravelAdmin/SaveDestinationTranslations - application/json 136
[2025-07-23 15:21:09.157 +03:00  INF]  CORS policy execution successful.
[2025-07-23 15:21:09.158 +03:00  INF]  Executing endpoint 'ITravel_App.Controllers.TravelAdminController.SaveDestinationTranslations (ITravel_App)'
[2025-07-23 15:21:09.163 +03:00  INF]  Route matched with {action = "SaveDestinationTranslations", controller = "TravelAdmin"}. Executing controller action with signature Microsoft.AspNetCore.Mvc.IActionResult SaveDestinationTranslations(ITravelApp.Data.Entities.destination_translation) on controller ITravel_App.Controllers.TravelAdminController (ITravel_App).
[2025-07-23 15:21:09.246 +03:00  INF]  Executed DbCommand (12ms) [Parameters=[@__row_dest_name_0='?', @__row_destination_id_1='?' (DbType = Decimal), @__row_active_2='?' (DbType = Boolean)], CommandType='"Text"', CommandTimeout='30']
SELECT d.id, d.active, d.dest_description, d.dest_name, d.destination_id, d.lang_code
FROM destination_translations AS d
WHERE d.dest_name = @__row_dest_name_0 AND d.destination_id = @__row_destination_id_1 AND d.active = @__row_active_2
LIMIT 2
[2025-07-23 15:21:09.254 +03:00  INF]  Executed DbCommand (1ms) [Parameters=[], CommandType='"Text"', CommandTimeout='30']
SELECT count(*)::int
FROM destination_translations AS d
[2025-07-23 15:21:09.288 +03:00  INF]  Executed DbCommand (1ms) [Parameters=[@p0='?' (DbType = Int32), @p1='?' (DbType = Boolean), @p2='?', @p3='?', @p4='?' (DbType = Decimal), @p5='?'], CommandType='"Text"', CommandTimeout='30']
INSERT INTO destination_translations (id, active, dest_description, dest_name, destination_id, lang_code)
VALUES (@p0, @p1, @p2, @p3, @p4, @p5);
[2025-07-23 15:21:09.289 +03:00  INF]  Executing OkObjectResult, writing value of type 'ITravelApp.Data.Models.ResponseCls'.
[2025-07-23 15:21:09.290 +03:00  INF]  Executed action ITravel_App.Controllers.TravelAdminController.SaveDestinationTranslations (ITravel_App) in 126.0805ms
[2025-07-23 15:21:09.290 +03:00  INF]  Executed endpoint 'ITravel_App.Controllers.TravelAdminController.SaveDestinationTranslations (ITravel_App)'
[2025-07-23 15:21:09.290 +03:00  INF]  Request finished HTTP/2 POST https://localhost:7045/api/TravelAdmin/SaveDestinationTranslations - 200 null application/json; charset=utf-8 137.773ms
[2025-07-23 15:21:44.290 +03:00  INF]  Request starting HTTP/2 POST https://localhost:7045/api/TravelAdmin/SaveDestinationTranslations - application/json 136
[2025-07-23 15:21:44.292 +03:00  INF]  CORS policy execution successful.
[2025-07-23 15:21:44.293 +03:00  INF]  Executing endpoint 'ITravel_App.Controllers.TravelAdminController.SaveDestinationTranslations (ITravel_App)'
[2025-07-23 15:21:44.295 +03:00  INF]  Route matched with {action = "SaveDestinationTranslations", controller = "TravelAdmin"}. Executing controller action with signature Microsoft.AspNetCore.Mvc.IActionResult SaveDestinationTranslations(ITravelApp.Data.Entities.destination_translation) on controller ITravel_App.Controllers.TravelAdminController (ITravel_App).
[2025-07-23 15:21:44.442 +03:00  INF]  Executed DbCommand (1ms) [Parameters=[@__row_dest_name_0='?', @__row_destination_id_1='?' (DbType = Decimal), @__row_active_2='?' (DbType = Boolean)], CommandType='"Text"', CommandTimeout='30']
SELECT d.id, d.active, d.dest_description, d.dest_name, d.destination_id, d.lang_code
FROM destination_translations AS d
WHERE d.dest_name = @__row_dest_name_0 AND d.destination_id = @__row_destination_id_1 AND d.active = @__row_active_2
LIMIT 2
[2025-07-23 15:21:44.529 +03:00  INF]  Executing OkObjectResult, writing value of type 'ITravelApp.Data.Models.ResponseCls'.
[2025-07-23 15:21:44.530 +03:00  INF]  Executed action ITravel_App.Controllers.TravelAdminController.SaveDestinationTranslations (ITravel_App) in 234.8808ms
[2025-07-23 15:21:44.530 +03:00  INF]  Executed endpoint 'ITravel_App.Controllers.TravelAdminController.SaveDestinationTranslations (ITravel_App)'
[2025-07-23 15:21:44.530 +03:00  INF]  Request finished HTTP/2 POST https://localhost:7045/api/TravelAdmin/SaveDestinationTranslations - 200 null application/json; charset=utf-8 239.6155ms
[2025-07-23 15:24:07.697 +03:00  WRN]  The WebRootPath was not found: D:\ItravelWebsite\API\ITravel_App\ITravel_App\wwwroot. Static files may be unavailable.
[2025-07-23 15:24:08.020 +03:00  INF]  Now listening on: https://localhost:7045
[2025-07-23 15:24:08.021 +03:00  INF]  Now listening on: http://localhost:5124
[2025-07-23 15:24:08.904 +03:00  INF]  Application started. Press Ctrl+C to shut down.
[2025-07-23 15:24:08.904 +03:00  INF]  Hosting environment: Development
[2025-07-23 15:24:08.904 +03:00  INF]  Content root path: D:\ItravelWebsite\API\ITravel_App\ITravel_App
[2025-07-23 15:24:08.939 +03:00  INF]  Request starting HTTP/2 GET https://localhost:7045/swagger/index.html - null null
[2025-07-23 15:24:09.490 +03:00  INF]  Request finished HTTP/2 GET https://localhost:7045/swagger/index.html - 200 null text/html;charset=utf-8 565.0051ms
[2025-07-23 15:24:09.570 +03:00  INF]  Request starting HTTP/2 GET https://localhost:7045/_framework/aspnetcore-browser-refresh.js - null null
[2025-07-23 15:24:09.584 +03:00  INF]  Request starting HTTP/2 GET https://localhost:7045/_vs/browserLink - null null
[2025-07-23 15:24:09.585 +03:00  INF]  Request finished HTTP/2 GET https://localhost:7045/_framework/aspnetcore-browser-refresh.js - 200 16507 application/javascript; charset=utf-8 15.2266ms
[2025-07-23 15:24:09.791 +03:00  INF]  Request finished HTTP/2 GET https://localhost:7045/_vs/browserLink - 200 null text/javascript; charset=UTF-8 206.5493ms
[2025-07-23 15:24:09.927 +03:00  INF]  Request starting HTTP/2 GET https://localhost:7045/swagger/v1/swagger.json - null null
[2025-07-23 15:24:09.973 +03:00  INF]  Request finished HTTP/2 GET https://localhost:7045/swagger/v1/swagger.json - 200 null application/json;charset=utf-8 45.8076ms
[2025-07-23 15:24:25.334 +03:00  INF]  Request starting HTTP/2 POST https://localhost:7045/api/TravelAdmin/SaveDestinationTranslations - application/json 136
[2025-07-23 15:24:25.358 +03:00  INF]  CORS policy execution successful.
[2025-07-23 15:24:25.364 +03:00  INF]  Executing endpoint 'ITravel_App.Controllers.TravelAdminController.SaveDestinationTranslations (ITravel_App)'
[2025-07-23 15:24:25.425 +03:00  INF]  Route matched with {action = "SaveDestinationTranslations", controller = "TravelAdmin"}. Executing controller action with signature Microsoft.AspNetCore.Mvc.IActionResult SaveDestinationTranslations(ITravelApp.Data.Entities.destination_translation) on controller ITravel_App.Controllers.TravelAdminController (ITravel_App).
[2025-07-23 15:24:28.313 +03:00  INF]  Executed DbCommand (104ms) [Parameters=[@__row_dest_name_0='?', @__row_destination_id_1='?' (DbType = Decimal), @__row_active_2='?' (DbType = Boolean), @__row_lang_code_3='?'], CommandType='"Text"', CommandTimeout='30']
SELECT d.id, d.active, d.dest_description, d.dest_name, d.destination_id, d.lang_code
FROM destination_translations AS d
WHERE d.dest_name = @__row_dest_name_0 AND d.destination_id = @__row_destination_id_1 AND d.active = @__row_active_2 AND d.lang_code = @__row_lang_code_3
LIMIT 2
[2025-07-23 15:24:28.406 +03:00  INF]  Executed DbCommand (4ms) [Parameters=[], CommandType='"Text"', CommandTimeout='30']
SELECT count(*)::int
FROM destination_translations AS d
[2025-07-23 15:24:28.457 +03:00  INF]  Executed DbCommand (1ms) [Parameters=[], CommandType='"Text"', CommandTimeout='30']
SELECT max(d.id)
FROM destination_translations AS d
[2025-07-23 15:24:28.688 +03:00  INF]  Executed DbCommand (5ms) [Parameters=[@p0='?' (DbType = Int32), @p1='?' (DbType = Boolean), @p2='?', @p3='?', @p4='?' (DbType = Decimal), @p5='?'], CommandType='"Text"', CommandTimeout='30']
INSERT INTO destination_translations (id, active, dest_description, dest_name, destination_id, lang_code)
VALUES (@p0, @p1, @p2, @p3, @p4, @p5);
[2025-07-23 15:24:28.707 +03:00  INF]  Executing OkObjectResult, writing value of type 'ITravelApp.Data.Models.ResponseCls'.
[2025-07-23 15:24:28.721 +03:00  INF]  Executed action ITravel_App.Controllers.TravelAdminController.SaveDestinationTranslations (ITravel_App) in 3288.2041ms
[2025-07-23 15:24:28.721 +03:00  INF]  Executed endpoint 'ITravel_App.Controllers.TravelAdminController.SaveDestinationTranslations (ITravel_App)'
[2025-07-23 15:24:28.734 +03:00  INF]  Request finished HTTP/2 POST https://localhost:7045/api/TravelAdmin/SaveDestinationTranslations - 200 null application/json; charset=utf-8 3399.5709ms
[2025-07-23 15:25:11.475 +03:00  INF]  Request starting HTTP/2 POST https://localhost:7045/api/TravelAdmin/SaveDestinationTranslations - application/json 136
[2025-07-23 15:25:11.485 +03:00  INF]  CORS policy execution successful.
[2025-07-23 15:25:11.486 +03:00  INF]  Executing endpoint 'ITravel_App.Controllers.TravelAdminController.SaveDestinationTranslations (ITravel_App)'
[2025-07-23 15:25:11.487 +03:00  INF]  Route matched with {action = "SaveDestinationTranslations", controller = "TravelAdmin"}. Executing controller action with signature Microsoft.AspNetCore.Mvc.IActionResult SaveDestinationTranslations(ITravelApp.Data.Entities.destination_translation) on controller ITravel_App.Controllers.TravelAdminController (ITravel_App).
[2025-07-23 15:25:11.560 +03:00  INF]  Executed DbCommand (1ms) [Parameters=[@__row_dest_name_0='?', @__row_destination_id_1='?' (DbType = Decimal), @__row_active_2='?' (DbType = Boolean), @__row_lang_code_3='?'], CommandType='"Text"', CommandTimeout='30']
SELECT d.id, d.active, d.dest_description, d.dest_name, d.destination_id, d.lang_code
FROM destination_translations AS d
WHERE d.dest_name = @__row_dest_name_0 AND d.destination_id = @__row_destination_id_1 AND d.active = @__row_active_2 AND d.lang_code = @__row_lang_code_3
LIMIT 2
[2025-07-23 15:25:11.644 +03:00  INF]  Executing OkObjectResult, writing value of type 'ITravelApp.Data.Models.ResponseCls'.
[2025-07-23 15:25:11.645 +03:00  INF]  Executed action ITravel_App.Controllers.TravelAdminController.SaveDestinationTranslations (ITravel_App) in 157.3287ms
[2025-07-23 15:25:11.645 +03:00  INF]  Executed endpoint 'ITravel_App.Controllers.TravelAdminController.SaveDestinationTranslations (ITravel_App)'
[2025-07-23 15:25:11.645 +03:00  INF]  Request finished HTTP/2 POST https://localhost:7045/api/TravelAdmin/SaveDestinationTranslations - 200 null application/json; charset=utf-8 169.8996ms
[2025-07-23 15:25:29.929 +03:00  INF]  Request starting HTTP/2 POST https://localhost:7045/getDestinations?lang_code=en - null 0
[2025-07-23 15:25:29.941 +03:00  INF]  CORS policy execution successful.
[2025-07-23 15:25:29.941 +03:00  INF]  Executing endpoint 'ITravel_App.Controllers.TravelClientController.getDestinations (ITravel_App)'
[2025-07-23 15:25:29.948 +03:00  INF]  Route matched with {action = "getDestinations", controller = "TravelClient"}. Executing controller action with signature Microsoft.AspNetCore.Mvc.IActionResult getDestinations(ITravelApp.Data.Models.destination.DestinationReq) on controller ITravel_App.Controllers.TravelClientController (ITravel_App).
[2025-07-23 15:25:30.248 +03:00  INF]  Executed DbCommand (4ms) [Parameters=[@__req_lang_code_0='?'], CommandType='"Text"', CommandTimeout='30']
SELECT d.destination_id, d.id, d1.country, d1.country_id, d1.active, d1.dest_code, d.dest_description, d.dest_name, 'https://api.waslaa.de//' || COALESCE(d2.img_path, '') AS img_path, d.lang_code
FROM destination_translations AS d
LEFT JOIN (
    SELECT d0.id, d0.active, d0.country, d0.country_id, d0.dest_code
    FROM destination_main AS d0
    WHERE d0.active AND (d0.country = d0.country OR d0.country IS NULL)
) AS d1 ON d.destination_id = d1.id::numeric
LEFT JOIN destination_imgs AS d2 ON d1.id::numeric = d2.destination_id
WHERE d.lang_code = @__req_lang_code_0 AND d.active
[2025-07-23 15:25:30.249 +03:00  INF]  Executing OkObjectResult, writing value of type 'System.Collections.Generic.List`1[[ITravelApp.Data.Models.destination.DestinationResponse, ITravelApp.Data, Version=1.0.0.0, Culture=neutral, PublicKeyToken=null]]'.
[2025-07-23 15:25:30.260 +03:00  INF]  Executed action ITravel_App.Controllers.TravelClientController.getDestinations (ITravel_App) in 311.8478ms
[2025-07-23 15:25:30.260 +03:00  INF]  Executed endpoint 'ITravel_App.Controllers.TravelClientController.getDestinations (ITravel_App)'
[2025-07-23 15:25:30.260 +03:00  INF]  Request finished HTTP/2 POST https://localhost:7045/getDestinations?lang_code=en - 200 null application/json; charset=utf-8 331.1895ms
[2025-07-23 15:25:44.529 +03:00  INF]  Request starting HTTP/2 POST https://localhost:7045/getDestinations?country=Test&lang_code=en - null 0
[2025-07-23 15:25:44.530 +03:00  INF]  CORS policy execution successful.
[2025-07-23 15:25:44.530 +03:00  INF]  Executing endpoint 'ITravel_App.Controllers.TravelClientController.getDestinations (ITravel_App)'
[2025-07-23 15:25:44.530 +03:00  INF]  Route matched with {action = "getDestinations", controller = "TravelClient"}. Executing controller action with signature Microsoft.AspNetCore.Mvc.IActionResult getDestinations(ITravelApp.Data.Models.destination.DestinationReq) on controller ITravel_App.Controllers.TravelClientController (ITravel_App).
[2025-07-23 15:25:44.553 +03:00  INF]  Executed DbCommand (1ms) [Parameters=[@__req_country_1='?', @__req_lang_code_0='?'], CommandType='"Text"', CommandTimeout='30']
SELECT d.destination_id, d.id, d1.country, d1.country_id, d1.active, d1.dest_code, d.dest_description, d.dest_name, 'https://api.waslaa.de//' || COALESCE(d2.img_path, '') AS img_path, d.lang_code
FROM destination_translations AS d
LEFT JOIN (
    SELECT d0.id, d0.active, d0.country, d0.country_id, d0.dest_code
    FROM destination_main AS d0
    WHERE d0.active AND d0.country = @__req_country_1
) AS d1 ON d.destination_id = d1.id::numeric
LEFT JOIN destination_imgs AS d2 ON d1.id::numeric = d2.destination_id
WHERE d.lang_code = @__req_lang_code_0 AND d.active
[2025-07-23 15:25:44.553 +03:00  INF]  Executing OkObjectResult, writing value of type 'System.Collections.Generic.List`1[[ITravelApp.Data.Models.destination.DestinationResponse, ITravelApp.Data, Version=1.0.0.0, Culture=neutral, PublicKeyToken=null]]'.
[2025-07-23 15:25:44.554 +03:00  INF]  Executed action ITravel_App.Controllers.TravelClientController.getDestinations (ITravel_App) in 23.691ms
[2025-07-23 15:25:44.554 +03:00  INF]  Executed endpoint 'ITravel_App.Controllers.TravelClientController.getDestinations (ITravel_App)'
[2025-07-23 15:25:44.554 +03:00  INF]  Request finished HTTP/2 POST https://localhost:7045/getDestinations?country=Test&lang_code=en - 200 null application/json; charset=utf-8 25.5456ms
[2025-07-23 15:26:08.451 +03:00  INF]  Request starting HTTP/2 POST https://localhost:7045/getDestinations?country=Test&lang_code=en - null 0
[2025-07-23 15:26:08.452 +03:00  INF]  CORS policy execution successful.
[2025-07-23 15:26:08.452 +03:00  INF]  Executing endpoint 'ITravel_App.Controllers.TravelClientController.getDestinations (ITravel_App)'
[2025-07-23 15:26:08.452 +03:00  INF]  Route matched with {action = "getDestinations", controller = "TravelClient"}. Executing controller action with signature Microsoft.AspNetCore.Mvc.IActionResult getDestinations(ITravelApp.Data.Models.destination.DestinationReq) on controller ITravel_App.Controllers.TravelClientController (ITravel_App).
[2025-07-23 15:26:08.463 +03:00  INF]  Executed DbCommand (1ms) [Parameters=[@__req_country_1='?', @__req_lang_code_0='?'], CommandType='"Text"', CommandTimeout='30']
SELECT d.destination_id, d.id, d1.country, d1.country_id, d1.active, d1.dest_code, d.dest_description, d.dest_name, 'https://api.waslaa.de//' || COALESCE(d2.img_path, '') AS img_path, d.lang_code
FROM destination_translations AS d
LEFT JOIN (
    SELECT d0.id, d0.active, d0.country, d0.country_id, d0.dest_code
    FROM destination_main AS d0
    WHERE d0.active AND d0.country = @__req_country_1
) AS d1 ON d.destination_id = d1.id::numeric
LEFT JOIN destination_imgs AS d2 ON d1.id::numeric = d2.destination_id
WHERE d.lang_code = @__req_lang_code_0 AND d.active
[2025-07-23 15:26:08.463 +03:00  INF]  Executing OkObjectResult, writing value of type 'System.Collections.Generic.List`1[[ITravelApp.Data.Models.destination.DestinationResponse, ITravelApp.Data, Version=1.0.0.0, Culture=neutral, PublicKeyToken=null]]'.
[2025-07-23 15:26:08.463 +03:00  INF]  Executed action ITravel_App.Controllers.TravelClientController.getDestinations (ITravel_App) in 10.9132ms
[2025-07-23 15:26:08.463 +03:00  INF]  Executed endpoint 'ITravel_App.Controllers.TravelClientController.getDestinations (ITravel_App)'
[2025-07-23 15:26:08.463 +03:00  INF]  Request finished HTTP/2 POST https://localhost:7045/getDestinations?country=Test&lang_code=en - 200 null application/json; charset=utf-8 15.2992ms
[2025-07-23 15:36:01.315 +03:00  WRN]  The WebRootPath was not found: D:\ItravelWebsite\API\ITravel_App\ITravel_App\wwwroot. Static files may be unavailable.
[2025-07-23 15:36:01.596 +03:00  INF]  Now listening on: https://localhost:7045
[2025-07-23 15:36:01.597 +03:00  INF]  Now listening on: http://localhost:5124
[2025-07-23 15:36:01.913 +03:00  INF]  Application started. Press Ctrl+C to shut down.
[2025-07-23 15:36:01.914 +03:00  INF]  Hosting environment: Development
[2025-07-23 15:36:01.914 +03:00  INF]  Content root path: D:\ItravelWebsite\API\ITravel_App\ITravel_App
[2025-07-23 15:36:03.174 +03:00  INF]  Request starting HTTP/2 GET https://localhost:7045/swagger/index.html - null null
[2025-07-23 15:36:03.767 +03:00  INF]  Request finished HTTP/2 GET https://localhost:7045/swagger/index.html - 200 null text/html;charset=utf-8 611.7887ms
[2025-07-23 15:36:03.820 +03:00  INF]  Request starting HTTP/2 GET https://localhost:7045/_framework/aspnetcore-browser-refresh.js - null null
[2025-07-23 15:36:03.820 +03:00  INF]  Request starting HTTP/2 GET https://localhost:7045/_vs/browserLink - null null
[2025-07-23 15:36:03.830 +03:00  INF]  Request finished HTTP/2 GET https://localhost:7045/_framework/aspnetcore-browser-refresh.js - 200 16507 application/javascript; charset=utf-8 9.508ms
[2025-07-23 15:36:03.915 +03:00  INF]  Request finished HTTP/2 GET https://localhost:7045/_vs/browserLink - 200 null text/javascript; charset=UTF-8 94.3874ms
[2025-07-23 15:36:04.088 +03:00  INF]  Request starting HTTP/2 GET https://localhost:7045/swagger/v1/swagger.json - null null
[2025-07-23 15:36:04.134 +03:00  INF]  Request finished HTTP/2 GET https://localhost:7045/swagger/v1/swagger.json - 200 null application/json;charset=utf-8 45.8808ms
[2025-07-23 15:36:18.979 +03:00  INF]  Request starting HTTP/2 POST https://localhost:7045/getDestinations?lang_code=en - null 0
[2025-07-23 15:36:19.012 +03:00  INF]  CORS policy execution successful.
[2025-07-23 15:36:19.020 +03:00  INF]  Executing endpoint 'ITravel_App.Controllers.TravelClientController.getDestinations (ITravel_App)'
[2025-07-23 15:36:19.060 +03:00  INF]  Route matched with {action = "getDestinations", controller = "TravelClient"}. Executing controller action with signature Microsoft.AspNetCore.Mvc.IActionResult getDestinations(ITravelApp.Data.Models.destination.DestinationReq) on controller ITravel_App.Controllers.TravelClientController (ITravel_App).
[2025-07-23 15:36:21.535 +03:00  INF]  Executed DbCommand (102ms) [Parameters=[@__req_lang_code_0='?'], CommandType='"Text"', CommandTimeout='30']
SELECT d.destination_id, d.id, d1.country, d1.country_id, d1.active, d1.dest_code, d.dest_description, d.dest_name, CASE
    WHEN d2.id IS NOT NULL THEN 'https://api.waslaa.de//' || COALESCE(d2.img_path, '')
END AS img_path, d.lang_code
FROM destination_translations AS d
INNER JOIN (
    SELECT d0.id, d0.active, d0.country, d0.country_id, d0.dest_code
    FROM destination_main AS d0
    WHERE d0.active AND (d0.country = d0.country OR d0.country IS NULL)
) AS d1 ON d.destination_id = d1.id::numeric
LEFT JOIN destination_imgs AS d2 ON d.id::numeric = d2.destination_id
WHERE d.lang_code = @__req_lang_code_0 AND d.active
[2025-07-23 15:36:21.603 +03:00  INF]  Executing OkObjectResult, writing value of type 'System.Collections.Generic.List`1[[ITravelApp.Data.Models.destination.DestinationResponse, ITravelApp.Data, Version=1.0.0.0, Culture=neutral, PublicKeyToken=null]]'.
[2025-07-23 15:36:21.650 +03:00  INF]  Executed action ITravel_App.Controllers.TravelClientController.getDestinations (ITravel_App) in 2580.6136ms
[2025-07-23 15:36:21.651 +03:00  INF]  Executed endpoint 'ITravel_App.Controllers.TravelClientController.getDestinations (ITravel_App)'
[2025-07-23 15:36:21.667 +03:00  INF]  Request finished HTTP/2 POST https://localhost:7045/getDestinations?lang_code=en - 200 null application/json; charset=utf-8 2688.0511ms
[2025-07-23 17:21:38.290 +03:00  WRN]  The WebRootPath was not found: D:\ItravelWebsite\API\ITravel_App\ITravel_App\wwwroot. Static files may be unavailable.
[2025-07-23 17:21:38.926 +03:00  INF]  Now listening on: https://localhost:7045
[2025-07-23 17:21:38.928 +03:00  INF]  Now listening on: http://localhost:5124
[2025-07-23 17:21:39.274 +03:00  INF]  Application started. Press Ctrl+C to shut down.
[2025-07-23 17:21:39.274 +03:00  INF]  Hosting environment: Development
[2025-07-23 17:21:39.275 +03:00  INF]  Content root path: D:\ItravelWebsite\API\ITravel_App\ITravel_App
[2025-07-23 17:21:40.872 +03:00  INF]  Request starting HTTP/2 GET https://localhost:7045/swagger/index.html - null null
[2025-07-23 17:21:42.340 +03:00  INF]  Request finished HTTP/2 GET https://localhost:7045/swagger/index.html - 200 null text/html;charset=utf-8 1486.6653ms
[2025-07-23 17:21:42.491 +03:00  INF]  Request starting HTTP/2 GET https://localhost:7045/_framework/aspnetcore-browser-refresh.js - null null
[2025-07-23 17:21:42.531 +03:00  INF]  Request finished HTTP/2 GET https://localhost:7045/_framework/aspnetcore-browser-refresh.js - 200 16507 application/javascript; charset=utf-8 40.1137ms
[2025-07-23 17:21:42.532 +03:00  INF]  Request starting HTTP/2 GET https://localhost:7045/_vs/browserLink - null null
[2025-07-23 17:21:42.654 +03:00  INF]  Request finished HTTP/2 GET https://localhost:7045/_vs/browserLink - 200 null text/javascript; charset=UTF-8 122.5941ms
[2025-07-23 17:21:42.832 +03:00  INF]  Request starting HTTP/2 GET https://localhost:7045/swagger/v1/swagger.json - null null
[2025-07-23 17:21:42.879 +03:00  INF]  Request finished HTTP/2 GET https://localhost:7045/swagger/v1/swagger.json - 200 null application/json;charset=utf-8 47.5842ms
[2025-07-23 17:22:59.819 +03:00  WRN]  The WebRootPath was not found: D:\ItravelWebsite\API\ITravel_App\ITravel_App\wwwroot. Static files may be unavailable.
[2025-07-23 17:23:00.208 +03:00  INF]  Now listening on: https://localhost:7045
[2025-07-23 17:23:00.210 +03:00  INF]  Now listening on: http://localhost:5124
[2025-07-23 17:23:01.009 +03:00  INF]  Application started. Press Ctrl+C to shut down.
[2025-07-23 17:23:01.009 +03:00  INF]  Hosting environment: Development
[2025-07-23 17:23:01.009 +03:00  INF]  Content root path: D:\ItravelWebsite\API\ITravel_App\ITravel_App
[2025-07-23 17:23:01.475 +03:00  INF]  Request starting HTTP/2 GET https://localhost:7045/swagger/index.html - null null
[2025-07-23 17:23:02.097 +03:00  INF]  Request finished HTTP/2 GET https://localhost:7045/swagger/index.html - 200 null text/html;charset=utf-8 635.0596ms
[2025-07-23 17:23:02.125 +03:00  INF]  Request starting HTTP/2 GET https://localhost:7045/_framework/aspnetcore-browser-refresh.js - null null
[2025-07-23 17:23:02.126 +03:00  INF]  Request starting HTTP/2 GET https://localhost:7045/_vs/browserLink - null null
[2025-07-23 17:23:02.242 +03:00  INF]  Request finished HTTP/2 GET https://localhost:7045/_framework/aspnetcore-browser-refresh.js - 200 16507 application/javascript; charset=utf-8 117.4811ms
[2025-07-23 17:23:02.355 +03:00  INF]  Request finished HTTP/2 GET https://localhost:7045/_vs/browserLink - 200 null text/javascript; charset=UTF-8 228.9004ms
[2025-07-23 17:23:02.719 +03:00  INF]  Request starting HTTP/2 GET https://localhost:7045/swagger/v1/swagger.json - null null
[2025-07-23 17:23:02.885 +03:00  INF]  Request finished HTTP/2 GET https://localhost:7045/swagger/v1/swagger.json - 200 null application/json;charset=utf-8 167.0259ms
[2025-07-23 17:25:02.709 +03:00  INF]  Request starting HTTP/2 POST https://localhost:7045/api/TravelClient/getDestinations - application/json 47
[2025-07-23 17:25:02.759 +03:00  INF]  CORS policy execution successful.
[2025-07-23 17:25:02.775 +03:00  INF]  Executing endpoint 'ITravel_App.Controllers.TravelClientController.getDestinations (ITravel_App)'
[2025-07-23 17:25:02.867 +03:00  INF]  Route matched with {action = "getDestinations", controller = "TravelClient"}. Executing controller action with signature Microsoft.AspNetCore.Mvc.IActionResult getDestinations(ITravelApp.Data.Models.destination.DestinationReq) on controller ITravel_App.Controllers.TravelClientController (ITravel_App).
[2025-07-23 17:25:08.249 +03:00  INF]  Executed DbCommand (232ms) [Parameters=[@__req_lang_code_0='?'], CommandType='"Text"', CommandTimeout='30']
SELECT d.destination_id, d.id, d1.country_code, d1.active, d1.dest_code, d.dest_description, d.dest_name, CASE
    WHEN d2.id IS NOT NULL THEN 'https://api.waslaa.de//' || COALESCE(d2.img_path, '')
END AS img_path, d.lang_code
FROM destination_translations AS d
INNER JOIN (
    SELECT d0.id, d0.active, d0.country_code, d0.dest_code
    FROM destination_main AS d0
    WHERE d0.active AND (lower(d0.country_code) = lower(d0.country_code) OR d0.country_code IS NULL)
) AS d1 ON d.destination_id = d1.id::numeric
LEFT JOIN destination_imgs AS d2 ON d.id::numeric = d2.destination_id
WHERE d.lang_code = @__req_lang_code_0 AND d.active
[2025-07-23 17:25:08.384 +03:00  INF]  Executing OkObjectResult, writing value of type 'System.Collections.Generic.List`1[[ITravelApp.Data.Models.destination.DestinationResponse, ITravelApp.Data, Version=1.0.0.0, Culture=neutral, PublicKeyToken=null]]'.
[2025-07-23 17:25:08.452 +03:00  INF]  Executed action ITravel_App.Controllers.TravelClientController.getDestinations (ITravel_App) in 5573.4416ms
[2025-07-23 17:25:08.452 +03:00  INF]  Executed endpoint 'ITravel_App.Controllers.TravelClientController.getDestinations (ITravel_App)'
[2025-07-23 17:25:08.508 +03:00  INF]  Request finished HTTP/2 POST https://localhost:7045/api/TravelClient/getDestinations - 200 null application/json; charset=utf-8 5798.7317ms
[2025-07-23 17:25:25.232 +03:00  INF]  Request starting HTTP/2 POST https://localhost:7045/api/TravelClient/getDestinations - application/json 45
[2025-07-23 17:25:25.242 +03:00  INF]  CORS policy execution successful.
[2025-07-23 17:25:25.242 +03:00  INF]  Executing endpoint 'ITravel_App.Controllers.TravelClientController.getDestinations (ITravel_App)'
[2025-07-23 17:25:25.243 +03:00  INF]  Route matched with {action = "getDestinations", controller = "TravelClient"}. Executing controller action with signature Microsoft.AspNetCore.Mvc.IActionResult getDestinations(ITravelApp.Data.Models.destination.DestinationReq) on controller ITravel_App.Controllers.TravelClientController (ITravel_App).
[2025-07-23 17:25:25.345 +03:00  INF]  Executed DbCommand (2ms) [Parameters=[@__req_lang_code_0='?'], CommandType='"Text"', CommandTimeout='30']
SELECT d.destination_id, d.id, d1.country_code, d1.active, d1.dest_code, d.dest_description, d.dest_name, CASE
    WHEN d2.id IS NOT NULL THEN 'https://api.waslaa.de//' || COALESCE(d2.img_path, '')
END AS img_path, d.lang_code
FROM destination_translations AS d
INNER JOIN (
    SELECT d0.id, d0.active, d0.country_code, d0.dest_code
    FROM destination_main AS d0
    WHERE d0.active AND (lower(d0.country_code) = lower(d0.country_code) OR d0.country_code IS NULL)
) AS d1 ON d.destination_id = d1.id::numeric
LEFT JOIN destination_imgs AS d2 ON d.id::numeric = d2.destination_id
WHERE d.lang_code = @__req_lang_code_0 AND d.active
[2025-07-23 17:25:25.347 +03:00  INF]  Executing OkObjectResult, writing value of type 'System.Collections.Generic.List`1[[ITravelApp.Data.Models.destination.DestinationResponse, ITravelApp.Data, Version=1.0.0.0, Culture=neutral, PublicKeyToken=null]]'.
[2025-07-23 17:25:25.348 +03:00  INF]  Executed action ITravel_App.Controllers.TravelClientController.getDestinations (ITravel_App) in 104.9457ms
[2025-07-23 17:25:25.348 +03:00  INF]  Executed endpoint 'ITravel_App.Controllers.TravelClientController.getDestinations (ITravel_App)'
[2025-07-23 17:25:25.349 +03:00  INF]  Request finished HTTP/2 POST https://localhost:7045/api/TravelClient/getDestinations - 200 null application/json; charset=utf-8 116.7585ms
[2025-07-23 17:25:35.958 +03:00  INF]  Request starting HTTP/2 POST https://localhost:7045/api/TravelClient/getDestinations - application/json 48
[2025-07-23 17:25:35.960 +03:00  INF]  CORS policy execution successful.
[2025-07-23 17:25:35.960 +03:00  INF]  Executing endpoint 'ITravel_App.Controllers.TravelClientController.getDestinations (ITravel_App)'
[2025-07-23 17:25:35.960 +03:00  INF]  Route matched with {action = "getDestinations", controller = "TravelClient"}. Executing controller action with signature Microsoft.AspNetCore.Mvc.IActionResult getDestinations(ITravelApp.Data.Models.destination.DestinationReq) on controller ITravel_App.Controllers.TravelClientController (ITravel_App).
[2025-07-23 17:25:36.271 +03:00  INF]  Executed DbCommand (2ms) [Parameters=[@__ToLower_1='?', @__req_lang_code_0='?'], CommandType='"Text"', CommandTimeout='30']
SELECT d.destination_id, d.id, d1.country_code, d1.active, d1.dest_code, d.dest_description, d.dest_name, CASE
    WHEN d2.id IS NOT NULL THEN 'https://api.waslaa.de//' || COALESCE(d2.img_path, '')
END AS img_path, d.lang_code
FROM destination_translations AS d
INNER JOIN (
    SELECT d0.id, d0.active, d0.country_code, d0.dest_code
    FROM destination_main AS d0
    WHERE d0.active AND lower(d0.country_code) = @__ToLower_1
) AS d1 ON d.destination_id = d1.id::numeric
LEFT JOIN destination_imgs AS d2 ON d.id::numeric = d2.destination_id
WHERE d.lang_code = @__req_lang_code_0 AND d.active
[2025-07-23 17:25:36.272 +03:00  INF]  Executing OkObjectResult, writing value of type 'System.Collections.Generic.List`1[[ITravelApp.Data.Models.destination.DestinationResponse, ITravelApp.Data, Version=1.0.0.0, Culture=neutral, PublicKeyToken=null]]'.
[2025-07-23 17:25:36.272 +03:00  INF]  Executed action ITravel_App.Controllers.TravelClientController.getDestinations (ITravel_App) in 311.8511ms
[2025-07-23 17:25:36.272 +03:00  INF]  Executed endpoint 'ITravel_App.Controllers.TravelClientController.getDestinations (ITravel_App)'
[2025-07-23 17:25:36.272 +03:00  INF]  Request finished HTTP/2 POST https://localhost:7045/api/TravelClient/getDestinations - 200 null application/json; charset=utf-8 314.7579ms
[2025-07-23 17:25:41.765 +03:00  INF]  Request starting HTTP/2 POST https://localhost:7045/api/TravelClient/getDestinations - application/json 47
[2025-07-23 17:25:41.765 +03:00  INF]  CORS policy execution successful.
[2025-07-23 17:25:41.766 +03:00  INF]  Executing endpoint 'ITravel_App.Controllers.TravelClientController.getDestinations (ITravel_App)'
[2025-07-23 17:25:41.766 +03:00  INF]  Route matched with {action = "getDestinations", controller = "TravelClient"}. Executing controller action with signature Microsoft.AspNetCore.Mvc.IActionResult getDestinations(ITravelApp.Data.Models.destination.DestinationReq) on controller ITravel_App.Controllers.TravelClientController (ITravel_App).
[2025-07-23 17:25:41.773 +03:00  INF]  Executed DbCommand (2ms) [Parameters=[@__ToLower_1='?', @__req_lang_code_0='?'], CommandType='"Text"', CommandTimeout='30']
SELECT d.destination_id, d.id, d1.country_code, d1.active, d1.dest_code, d.dest_description, d.dest_name, CASE
    WHEN d2.id IS NOT NULL THEN 'https://api.waslaa.de//' || COALESCE(d2.img_path, '')
END AS img_path, d.lang_code
FROM destination_translations AS d
INNER JOIN (
    SELECT d0.id, d0.active, d0.country_code, d0.dest_code
    FROM destination_main AS d0
    WHERE d0.active AND lower(d0.country_code) = @__ToLower_1
) AS d1 ON d.destination_id = d1.id::numeric
LEFT JOIN destination_imgs AS d2 ON d.id::numeric = d2.destination_id
WHERE d.lang_code = @__req_lang_code_0 AND d.active
[2025-07-23 17:25:41.775 +03:00  INF]  Executing OkObjectResult, writing value of type 'System.Collections.Generic.List`1[[ITravelApp.Data.Models.destination.DestinationResponse, ITravelApp.Data, Version=1.0.0.0, Culture=neutral, PublicKeyToken=null]]'.
[2025-07-23 17:25:41.776 +03:00  INF]  Executed action ITravel_App.Controllers.TravelClientController.getDestinations (ITravel_App) in 9.4326ms
[2025-07-23 17:25:41.776 +03:00  INF]  Executed endpoint 'ITravel_App.Controllers.TravelClientController.getDestinations (ITravel_App)'
[2025-07-23 17:25:41.776 +03:00  INF]  Request finished HTTP/2 POST https://localhost:7045/api/TravelClient/getDestinations - 200 null application/json; charset=utf-8 11.0609ms
[2025-07-23 17:26:51.545 +03:00  INF]  Request starting HTTP/2 POST https://localhost:7045/api/TravelAdmin/saveDestinationImage - multipart/form-data; boundary=----WebKitFormBoundary1SsKQkAIQSV9g6tY 3674429
[2025-07-23 17:26:51.557 +03:00  INF]  CORS policy execution successful.
[2025-07-23 17:26:51.557 +03:00  INF]  Executing endpoint 'ITravel_App.Controllers.TravelAdminController.saveDestinationImage (ITravel_App)'
[2025-07-23 17:26:51.581 +03:00  INF]  Route matched with {action = "saveDestinationImage", controller = "TravelAdmin"}. Executing controller action with signature Microsoft.AspNetCore.Mvc.IActionResult saveDestinationImage(ITravelApp.Data.Models.destination.DestinationImgReq) on controller ITravel_App.Controllers.TravelAdminController (ITravel_App).
[2025-07-23 17:27:13.217 +03:00  INF]  Executed DbCommand (12ms) [Parameters=[@__row_destination_id_0='?' (DbType = Decimal), @__row_is_default_1='?' (DbType = Boolean)], CommandType='"Text"', CommandTimeout='30']
SELECT d.id, d.destination_id, d.img_name, d.img_path, d.is_default
FROM destination_imgs AS d
WHERE d.destination_id = @__row_destination_id_0 AND d.is_default = @__row_is_default_1
LIMIT 2
[2025-07-23 17:27:13.254 +03:00  INF]  Executed DbCommand (2ms) [Parameters=[], CommandType='"Text"', CommandTimeout='30']
SELECT count(*)::int
FROM destination_imgs AS d
[2025-07-23 17:27:13.698 +03:00  INF]  Executed DbCommand (4ms) [Parameters=[@p0='?' (DbType = Int32), @p1='?' (DbType = Decimal), @p2='?', @p3='?', @p4='?' (DbType = Boolean)], CommandType='"Text"', CommandTimeout='30']
INSERT INTO destination_imgs (id, destination_id, img_name, img_path, is_default)
VALUES (@p0, @p1, @p2, @p3, @p4);
[2025-07-23 17:27:17.841 +03:00  INF]  Executing OkObjectResult, writing value of type 'ITravelApp.Data.Models.ResponseCls'.
[2025-07-23 17:27:17.850 +03:00  INF]  Executed action ITravel_App.Controllers.TravelAdminController.saveDestinationImage (ITravel_App) in 26268.6681ms
[2025-07-23 17:27:17.851 +03:00  INF]  Executed endpoint 'ITravel_App.Controllers.TravelAdminController.saveDestinationImage (ITravel_App)'
[2025-07-23 17:27:17.854 +03:00  INF]  Request finished HTTP/2 POST https://localhost:7045/api/TravelAdmin/saveDestinationImage - 200 null application/json; charset=utf-8 26309.0641ms
[2025-07-23 17:27:54.923 +03:00  INF]  Request starting HTTP/2 POST https://localhost:7045/api/TravelAdmin/saveDestinationImage - multipart/form-data; boundary=----WebKitFormBoundaryAJ9mkGbGNBdqnsWM 3674429
[2025-07-23 17:27:54.932 +03:00  INF]  CORS policy execution successful.
[2025-07-23 17:27:54.933 +03:00  INF]  Executing endpoint 'ITravel_App.Controllers.TravelAdminController.saveDestinationImage (ITravel_App)'
[2025-07-23 17:27:54.933 +03:00  INF]  Route matched with {action = "saveDestinationImage", controller = "TravelAdmin"}. Executing controller action with signature Microsoft.AspNetCore.Mvc.IActionResult saveDestinationImage(ITravelApp.Data.Models.destination.DestinationImgReq) on controller ITravel_App.Controllers.TravelAdminController (ITravel_App).
[2025-07-23 17:27:57.735 +03:00  INF]  Executed DbCommand (1ms) [Parameters=[@__row_destination_id_0='?' (DbType = Decimal), @__row_is_default_1='?' (DbType = Boolean)], CommandType='"Text"', CommandTimeout='30']
SELECT d.id, d.destination_id, d.img_name, d.img_path, d.is_default
FROM destination_imgs AS d
WHERE d.destination_id = @__row_destination_id_0 AND d.is_default = @__row_is_default_1
LIMIT 2
[2025-07-23 17:27:57.809 +03:00  INF]  Executing OkObjectResult, writing value of type 'ITravelApp.Data.Models.ResponseCls'.
[2025-07-23 17:27:57.809 +03:00  INF]  Executed action ITravel_App.Controllers.TravelAdminController.saveDestinationImage (ITravel_App) in 2876.2084ms
[2025-07-23 17:27:57.809 +03:00  INF]  Executed endpoint 'ITravel_App.Controllers.TravelAdminController.saveDestinationImage (ITravel_App)'
[2025-07-23 17:27:57.811 +03:00  INF]  Request finished HTTP/2 POST https://localhost:7045/api/TravelAdmin/saveDestinationImage - 200 null application/json; charset=utf-8 2887.4104ms
[2025-07-23 17:30:06.888 +03:00  WRN]  The WebRootPath was not found: D:\ItravelWebsite\API\ITravel_App\ITravel_App\wwwroot. Static files may be unavailable.
[2025-07-23 17:30:07.309 +03:00  INF]  Now listening on: https://localhost:7045
[2025-07-23 17:30:07.310 +03:00  INF]  Now listening on: http://localhost:5124
[2025-07-23 17:30:07.718 +03:00  INF]  Application started. Press Ctrl+C to shut down.
[2025-07-23 17:30:07.720 +03:00  INF]  Hosting environment: Development
[2025-07-23 17:30:07.720 +03:00  INF]  Content root path: D:\ItravelWebsite\API\ITravel_App\ITravel_App
[2025-07-23 17:30:09.009 +03:00  INF]  Request starting HTTP/2 GET https://localhost:7045/swagger/index.html - null null
[2025-07-23 17:30:09.649 +03:00  INF]  Request finished HTTP/2 GET https://localhost:7045/swagger/index.html - 200 null text/html;charset=utf-8 658.056ms
[2025-07-23 17:30:29.305 +03:00  INF]  Request starting HTTP/2 GET https://localhost:7045/_framework/aspnetcore-browser-refresh.js - null null
[2025-07-23 17:30:29.322 +03:00  INF]  Request finished HTTP/2 GET https://localhost:7045/_framework/aspnetcore-browser-refresh.js - 200 16507 application/javascript; charset=utf-8 16.9375ms
[2025-07-23 17:30:29.514 +03:00  INF]  Request starting HTTP/2 GET https://localhost:7045/_vs/browserLink - null null
[2025-07-23 17:30:29.651 +03:00  INF]  Request finished HTTP/2 GET https://localhost:7045/_vs/browserLink - 200 null text/javascript; charset=UTF-8 137.2896ms
[2025-07-23 17:30:31.049 +03:00  INF]  Request starting HTTP/2 GET https://localhost:7045/swagger/v1/swagger.json - null null
[2025-07-23 17:30:31.086 +03:00  INF]  Request finished HTTP/2 GET https://localhost:7045/swagger/v1/swagger.json - 200 null application/json;charset=utf-8 37.6478ms
[2025-07-23 17:33:27.434 +03:00  INF]  Request starting HTTP/2 POST https://localhost:7045/api/TravelAdmin/saveDestinationImage - multipart/form-data; boundary=----WebKitFormBoundaryuezpYBYNTUXnFGso 3674429
[2025-07-23 17:33:27.499 +03:00  INF]  CORS policy execution successful.
[2025-07-23 17:33:27.513 +03:00  INF]  Executing endpoint 'ITravel_App.Controllers.TravelAdminController.saveDestinationImage (ITravel_App)'
[2025-07-23 17:33:27.610 +03:00  INF]  Route matched with {action = "saveDestinationImage", controller = "TravelAdmin"}. Executing controller action with signature Microsoft.AspNetCore.Mvc.IActionResult saveDestinationImage(ITravelApp.Data.Models.destination.DestinationImgReq) on controller ITravel_App.Controllers.TravelAdminController (ITravel_App).
[2025-07-23 17:33:34.930 +03:00  INF]  Executed DbCommand (203ms) [Parameters=[@__row_destination_id_0='?' (DbType = Decimal), @__row_is_default_1='?' (DbType = Boolean)], CommandType='"Text"', CommandTimeout='30']
SELECT d.id, d.destination_id, d.img_name, d.img_path, d.is_default
FROM destination_imgs AS d
WHERE d.destination_id = @__row_destination_id_0 AND d.is_default = @__row_is_default_1
LIMIT 2
[2025-07-23 17:33:35.262 +03:00  INF]  Executing OkObjectResult, writing value of type 'ITravelApp.Data.Models.ResponseCls'.
[2025-07-23 17:33:35.296 +03:00  INF]  Executed action ITravel_App.Controllers.TravelAdminController.saveDestinationImage (ITravel_App) in 7677.9838ms
[2025-07-23 17:33:35.301 +03:00  INF]  Executed endpoint 'ITravel_App.Controllers.TravelAdminController.saveDestinationImage (ITravel_App)'
[2025-07-23 17:33:35.386 +03:00  INF]  Request finished HTTP/2 POST https://localhost:7045/api/TravelAdmin/saveDestinationImage - 200 null application/json; charset=utf-8 7952.1639ms
[2025-07-23 17:35:21.086 +03:00  WRN]  The WebRootPath was not found: D:\ItravelWebsite\API\ITravel_App\ITravel_App\wwwroot. Static files may be unavailable.
[2025-07-23 17:35:21.433 +03:00  INF]  Now listening on: https://localhost:7045
[2025-07-23 17:35:21.434 +03:00  INF]  Now listening on: http://localhost:5124
[2025-07-23 17:35:22.863 +03:00  INF]  Application started. Press Ctrl+C to shut down.
[2025-07-23 17:35:22.864 +03:00  INF]  Hosting environment: Development
[2025-07-23 17:35:22.864 +03:00  INF]  Content root path: D:\ItravelWebsite\API\ITravel_App\ITravel_App
[2025-07-23 17:35:23.076 +03:00  INF]  Request starting HTTP/2 GET https://localhost:7045/swagger/index.html - null null
[2025-07-23 17:35:24.080 +03:00  INF]  Request finished HTTP/2 GET https://localhost:7045/swagger/index.html - 200 null text/html;charset=utf-8 1019.4027ms
[2025-07-23 17:35:24.260 +03:00  INF]  Request starting HTTP/2 GET https://localhost:7045/_framework/aspnetcore-browser-refresh.js - null null
[2025-07-23 17:35:24.447 +03:00  INF]  Request finished HTTP/2 GET https://localhost:7045/_framework/aspnetcore-browser-refresh.js - 200 16507 application/javascript; charset=utf-8 187.325ms
[2025-07-23 17:35:24.448 +03:00  INF]  Request starting HTTP/2 GET https://localhost:7045/_vs/browserLink - null null
[2025-07-23 17:35:24.797 +03:00  INF]  Request finished HTTP/2 GET https://localhost:7045/_vs/browserLink - 200 null text/javascript; charset=UTF-8 348.5176ms
[2025-07-23 17:35:25.058 +03:00  INF]  Request starting HTTP/2 GET https://localhost:7045/swagger/v1/swagger.json - null null
[2025-07-23 17:35:25.335 +03:00  INF]  Request finished HTTP/2 GET https://localhost:7045/swagger/v1/swagger.json - 200 null application/json;charset=utf-8 277.9012ms
[2025-07-23 17:36:12.790 +03:00  INF]  Request starting HTTP/2 POST https://localhost:7045/api/TravelAdmin/saveDestinationImage - multipart/form-data; boundary=----WebKitFormBoundarysg2gQAoUZ42AA5yw 3674429
[2025-07-23 17:36:12.856 +03:00  INF]  CORS policy execution successful.
[2025-07-23 17:36:12.868 +03:00  INF]  Executing endpoint 'ITravel_App.Controllers.TravelAdminController.saveDestinationImage (ITravel_App)'
[2025-07-23 17:36:12.944 +03:00  INF]  Route matched with {action = "saveDestinationImage", controller = "TravelAdmin"}. Executing controller action with signature Microsoft.AspNetCore.Mvc.IActionResult saveDestinationImage(ITravelApp.Data.Models.destination.DestinationImgReq) on controller ITravel_App.Controllers.TravelAdminController (ITravel_App).
[2025-07-23 17:36:20.504 +03:00  INF]  Executed DbCommand (228ms) [Parameters=[@__row_destination_id_0='?' (DbType = Decimal), @__row_is_default_1='?' (DbType = Boolean)], CommandType='"Text"', CommandTimeout='30']
SELECT d.id, d.destination_id, d.img_name, d.img_path, d.is_default
FROM destination_imgs AS d
WHERE d.destination_id = @__row_destination_id_0 AND d.is_default = @__row_is_default_1
LIMIT 2
[2025-07-23 17:36:20.876 +03:00  INF]  Executing OkObjectResult, writing value of type 'ITravelApp.Data.Models.ResponseCls'.
[2025-07-23 17:36:20.920 +03:00  INF]  Executed action ITravel_App.Controllers.TravelAdminController.saveDestinationImage (ITravel_App) in 7962.4094ms
[2025-07-23 17:36:20.921 +03:00  INF]  Executed endpoint 'ITravel_App.Controllers.TravelAdminController.saveDestinationImage (ITravel_App)'
[2025-07-23 17:36:20.953 +03:00  INF]  Request finished HTTP/2 POST https://localhost:7045/api/TravelAdmin/saveDestinationImage - 200 null application/json; charset=utf-8 8163.1164ms
[2025-07-23 17:40:11.188 +03:00  WRN]  The WebRootPath was not found: D:\ItravelWebsite\API\ITravel_App\ITravel_App\wwwroot. Static files may be unavailable.
[2025-07-23 17:40:12.451 +03:00  INF]  Now listening on: https://localhost:7045
[2025-07-23 17:40:12.457 +03:00  INF]  Now listening on: http://localhost:5124
[2025-07-23 17:40:13.635 +03:00  INF]  Request starting HTTP/2 GET https://localhost:7045/swagger/index.html - null null
[2025-07-23 17:40:13.689 +03:00  INF]  Application started. Press Ctrl+C to shut down.
[2025-07-23 17:40:13.689 +03:00  INF]  Hosting environment: Development
[2025-07-23 17:40:13.689 +03:00  INF]  Content root path: D:\ItravelWebsite\API\ITravel_App\ITravel_App
[2025-07-23 17:40:14.449 +03:00  INF]  Request finished HTTP/2 GET https://localhost:7045/swagger/index.html - 200 null text/html;charset=utf-8 829.7267ms
[2025-07-23 17:40:14.619 +03:00  INF]  Request starting HTTP/2 GET https://localhost:7045/_framework/aspnetcore-browser-refresh.js - null null
[2025-07-23 17:40:14.762 +03:00  INF]  Request finished HTTP/2 GET https://localhost:7045/_framework/aspnetcore-browser-refresh.js - 200 16507 application/javascript; charset=utf-8 143.1891ms
[2025-07-23 17:40:14.769 +03:00  INF]  Request starting HTTP/2 GET https://localhost:7045/_vs/browserLink - null null
[2025-07-23 17:40:14.969 +03:00  INF]  Request finished HTTP/2 GET https://localhost:7045/_vs/browserLink - 200 null text/javascript; charset=UTF-8 200.2476ms
[2025-07-23 17:40:15.202 +03:00  INF]  Request starting HTTP/2 GET https://localhost:7045/swagger/v1/swagger.json - null null
[2025-07-23 17:40:15.403 +03:00  INF]  Request finished HTTP/2 GET https://localhost:7045/swagger/v1/swagger.json - 200 null application/json;charset=utf-8 201.1088ms
[2025-07-23 17:40:48.114 +03:00  INF]  Request starting HTTP/2 POST https://localhost:7045/api/TravelAdmin/SaveMainDestination - application/json 113
[2025-07-23 17:40:48.194 +03:00  INF]  CORS policy execution successful.
[2025-07-23 17:40:48.233 +03:00  INF]  Executing endpoint 'ITravel_App.Controllers.TravelAdminController.SaveMainDestination (ITravel_App)'
[2025-07-23 17:40:48.317 +03:00  INF]  Route matched with {action = "SaveMainDestination", controller = "TravelAdmin"}. Executing controller action with signature Microsoft.AspNetCore.Mvc.IActionResult SaveMainDestination(ITravelApp.Data.Entities.destination_main) on controller ITravel_App.Controllers.TravelAdminController (ITravel_App).
[2025-07-23 17:40:53.500 +03:00  INF]  Executed DbCommand (230ms) [Parameters=[@__row_dest_code_0='?', @__row_active_1='?' (DbType = Boolean)], CommandType='"Text"', CommandTimeout='30']
SELECT d.id, d.active, d.country_code, d.dest_code, d.dest_default_name
FROM destination_main AS d
WHERE d.dest_code = @__row_dest_code_0 AND d.active = @__row_active_1
LIMIT 2
[2025-07-23 17:40:53.814 +03:00  INF]  Executing OkObjectResult, writing value of type 'ITravelApp.Data.Models.ResponseCls'.
[2025-07-23 17:40:53.855 +03:00  INF]  Executed action ITravel_App.Controllers.TravelAdminController.SaveMainDestination (ITravel_App) in 5519.8498ms
[2025-07-23 17:40:53.856 +03:00  INF]  Executed endpoint 'ITravel_App.Controllers.TravelAdminController.SaveMainDestination (ITravel_App)'
[2025-07-23 17:40:53.878 +03:00  INF]  Request finished HTTP/2 POST https://localhost:7045/api/TravelAdmin/SaveMainDestination - 200 null application/json; charset=utf-8 5762.563ms
[2025-07-23 17:41:10.346 +03:00  INF]  Request starting HTTP/2 POST https://localhost:7045/api/TravelAdmin/SaveMainDestination - application/json 113
[2025-07-23 17:41:10.360 +03:00  INF]  CORS policy execution successful.
[2025-07-23 17:41:10.361 +03:00  INF]  Executing endpoint 'ITravel_App.Controllers.TravelAdminController.SaveMainDestination (ITravel_App)'
[2025-07-23 17:41:10.362 +03:00  INF]  Route matched with {action = "SaveMainDestination", controller = "TravelAdmin"}. Executing controller action with signature Microsoft.AspNetCore.Mvc.IActionResult SaveMainDestination(ITravelApp.Data.Entities.destination_main) on controller ITravel_App.Controllers.TravelAdminController (ITravel_App).
[2025-07-23 17:43:02.955 +03:00  WRN]  The WebRootPath was not found: D:\ItravelWebsite\API\ITravel_App\ITravel_App\wwwroot. Static files may be unavailable.
[2025-07-23 17:43:03.305 +03:00  INF]  Now listening on: https://localhost:7045
[2025-07-23 17:43:03.306 +03:00  INF]  Now listening on: http://localhost:5124
[2025-07-23 17:43:03.558 +03:00  INF]  Application started. Press Ctrl+C to shut down.
[2025-07-23 17:43:03.558 +03:00  INF]  Hosting environment: Development
[2025-07-23 17:43:03.558 +03:00  INF]  Content root path: D:\ItravelWebsite\API\ITravel_App\ITravel_App
[2025-07-23 17:43:04.682 +03:00  INF]  Request starting HTTP/2 GET https://localhost:7045/swagger/index.html - null null
[2025-07-23 17:43:05.309 +03:00  INF]  Request finished HTTP/2 GET https://localhost:7045/swagger/index.html - 200 null text/html;charset=utf-8 657.0814ms
[2025-07-23 17:43:05.420 +03:00  INF]  Request starting HTTP/2 GET https://localhost:7045/_framework/aspnetcore-browser-refresh.js - null null
[2025-07-23 17:43:05.422 +03:00  INF]  Request starting HTTP/2 GET https://localhost:7045/_vs/browserLink - null null
[2025-07-23 17:43:05.509 +03:00  INF]  Request finished HTTP/2 GET https://localhost:7045/_framework/aspnetcore-browser-refresh.js - 200 16507 application/javascript; charset=utf-8 89.8279ms
[2025-07-23 17:43:05.630 +03:00  INF]  Request finished HTTP/2 GET https://localhost:7045/_vs/browserLink - 200 null text/javascript; charset=UTF-8 208.8529ms
[2025-07-23 17:43:05.835 +03:00  INF]  Request starting HTTP/2 GET https://localhost:7045/swagger/v1/swagger.json - null null
[2025-07-23 17:43:05.899 +03:00  INF]  Request finished HTTP/2 GET https://localhost:7045/swagger/v1/swagger.json - 200 null application/json;charset=utf-8 64.9143ms
[2025-07-23 17:43:28.905 +03:00  INF]  Request starting HTTP/2 POST https://localhost:7045/api/TravelAdmin/SaveMainDestination - application/json 113
[2025-07-23 17:43:28.964 +03:00  INF]  CORS policy execution successful.
[2025-07-23 17:43:28.977 +03:00  INF]  Executing endpoint 'ITravel_App.Controllers.TravelAdminController.SaveMainDestination (ITravel_App)'
[2025-07-23 17:43:29.061 +03:00  INF]  Route matched with {action = "SaveMainDestination", controller = "TravelAdmin"}. Executing controller action with signature Microsoft.AspNetCore.Mvc.IActionResult SaveMainDestination(ITravelApp.Data.Entities.destination_main) on controller ITravel_App.Controllers.TravelAdminController (ITravel_App).
[2025-07-23 17:43:43.276 +03:00  INF]  Executed DbCommand (218ms) [Parameters=[@__row_dest_code_0='?', @__row_active_1='?' (DbType = Boolean)], CommandType='"Text"', CommandTimeout='30']
SELECT d.id, d.active, d.country_code, d.dest_code, d.dest_default_name
FROM destination_main AS d
WHERE d.dest_code = @__row_dest_code_0 AND d.active = @__row_active_1
LIMIT 2
[2025-07-23 17:43:43.516 +03:00  INF]  Executing OkObjectResult, writing value of type 'ITravelApp.Data.Models.ResponseCls'.
[2025-07-23 17:43:43.544 +03:00  INF]  Executed action ITravel_App.Controllers.TravelAdminController.SaveMainDestination (ITravel_App) in 14474.7233ms
[2025-07-23 17:43:43.544 +03:00  INF]  Executed endpoint 'ITravel_App.Controllers.TravelAdminController.SaveMainDestination (ITravel_App)'
[2025-07-23 17:43:43.566 +03:00  INF]  Request finished HTTP/2 POST https://localhost:7045/api/TravelAdmin/SaveMainDestination - 200 null application/json; charset=utf-8 14661.3434ms
[2025-07-23 17:53:41.251 +03:00  WRN]  The WebRootPath was not found: D:\ItravelWebsite\API\ITravel_App\ITravel_App\wwwroot. Static files may be unavailable.
[2025-07-23 17:53:41.610 +03:00  INF]  Now listening on: https://localhost:7045
[2025-07-23 17:53:41.611 +03:00  INF]  Now listening on: http://localhost:5124
[2025-07-23 17:53:42.035 +03:00  INF]  Application started. Press Ctrl+C to shut down.
[2025-07-23 17:53:42.040 +03:00  INF]  Hosting environment: Development
[2025-07-23 17:53:42.040 +03:00  INF]  Content root path: D:\ItravelWebsite\API\ITravel_App\ITravel_App
[2025-07-23 17:53:43.321 +03:00  INF]  Request starting HTTP/2 GET https://localhost:7045/swagger/index.html - null null
[2025-07-23 17:53:44.063 +03:00  INF]  Request finished HTTP/2 GET https://localhost:7045/swagger/index.html - 200 null text/html;charset=utf-8 761.705ms
[2025-07-23 17:53:44.480 +03:00  INF]  Request starting HTTP/2 GET https://localhost:7045/_framework/aspnetcore-browser-refresh.js - null null
[2025-07-23 17:53:44.812 +03:00  INF]  Request starting HTTP/2 GET https://localhost:7045/_vs/browserLink - null null
[2025-07-23 17:53:45.040 +03:00  INF]  Request finished HTTP/2 GET https://localhost:7045/_framework/aspnetcore-browser-refresh.js - 200 16507 application/javascript; charset=utf-8 559.0161ms
[2025-07-23 17:53:45.732 +03:00  INF]  Request finished HTTP/2 GET https://localhost:7045/_vs/browserLink - 200 null text/javascript; charset=UTF-8 919.9509ms
[2025-07-23 17:53:45.947 +03:00  INF]  Request starting HTTP/2 GET https://localhost:7045/swagger/v1/swagger.json - null null
[2025-07-23 17:53:46.221 +03:00  INF]  Request finished HTTP/2 GET https://localhost:7045/swagger/v1/swagger.json - 200 null application/json;charset=utf-8 274.9664ms
[2025-07-23 17:54:16.944 +03:00  INF]  Request starting HTTP/2 POST https://localhost:7045/api/TravelAdmin/SaveMainDestination - application/json 113
[2025-07-23 17:54:16.985 +03:00  INF]  CORS policy execution successful.
[2025-07-23 17:54:16.992 +03:00  INF]  Executing endpoint 'ITravel_App.Controllers.TravelAdminController.SaveMainDestination (ITravel_App)'
[2025-07-23 17:54:17.037 +03:00  INF]  Route matched with {action = "SaveMainDestination", controller = "TravelAdmin"}. Executing controller action with signature Microsoft.AspNetCore.Mvc.IActionResult SaveMainDestination(ITravelApp.Data.Entities.destination_main) on controller ITravel_App.Controllers.TravelAdminController (ITravel_App).
[2025-07-23 17:54:28.463 +03:00  INF]  Executed DbCommand (107ms) [Parameters=[@__row_dest_code_0='?', @__row_active_1='?' (DbType = Boolean)], CommandType='"Text"', CommandTimeout='30']
SELECT d.id, d.active, d.country_code, d.dest_code, d.dest_default_name
FROM destination_main AS d
WHERE d.dest_code = @__row_dest_code_0 AND d.active = @__row_active_1
LIMIT 2
[2025-07-23 17:54:28.627 +03:00  INF]  Executing OkObjectResult, writing value of type 'ITravelApp.Data.Models.ResponseCls'.
[2025-07-23 17:54:28.662 +03:00  INF]  Executed action ITravel_App.Controllers.TravelAdminController.SaveMainDestination (ITravel_App) in 11611.0109ms
[2025-07-23 17:54:28.662 +03:00  INF]  Executed endpoint 'ITravel_App.Controllers.TravelAdminController.SaveMainDestination (ITravel_App)'
[2025-07-23 17:54:28.676 +03:00  INF]  Request finished HTTP/2 POST https://localhost:7045/api/TravelAdmin/SaveMainDestination - 200 null application/json; charset=utf-8 11735.2104ms
