[2025-08-09 14:11:49.427 +03:00  INF]  User profile is available. Using 'C:\Users\Pro\AppData\Local\ASP.NET\DataProtection-Keys' as key repository and Windows DPAPI to encrypt keys at rest.
[2025-08-09 14:11:49.660 +03:00  WRN]  The WebRootPath was not found: D:\ItravelWebsite\API\ITravel_App\ITravel_App\wwwroot. Static files may be unavailable.
[2025-08-09 14:11:50.098 +03:00  INF]  Now listening on: https://localhost:7045
[2025-08-09 14:11:50.099 +03:00  INF]  Now listening on: http://localhost:5124
[2025-08-09 14:11:50.358 +03:00  INF]  Application started. Press Ctrl+C to shut down.
[2025-08-09 14:11:50.359 +03:00  INF]  Hosting environment: Development
[2025-08-09 14:11:50.359 +03:00  INF]  Content root path: D:\ItravelWebsite\API\ITravel_App\ITravel_App
[2025-08-09 14:11:52.843 +03:00  INF]  Request starting HTTP/2 GET https://localhost:7045/swagger - null null
[2025-08-09 14:11:53.093 +03:00  INF]  Request finished HTTP/2 GET https://localhost:7045/swagger - 301 0 null 261.5636ms
[2025-08-09 14:11:53.105 +03:00  INF]  Request starting HTTP/2 GET https://localhost:7045/swagger/index.html - null null
[2025-08-09 14:11:53.303 +03:00  INF]  Request finished HTTP/2 GET https://localhost:7045/swagger/index.html - 200 null text/html;charset=utf-8 198.0494ms
[2025-08-09 14:11:53.335 +03:00  INF]  Request starting HTTP/2 GET https://localhost:7045/swagger/swagger-ui.css - null null
[2025-08-09 14:11:53.336 +03:00  INF]  Request starting HTTP/2 GET https://localhost:7045/_framework/aspnetcore-browser-refresh.js - null null
[2025-08-09 14:11:53.336 +03:00  INF]  Request starting HTTP/2 GET https://localhost:7045/swagger/swagger-ui-bundle.js - null null
[2025-08-09 14:11:53.336 +03:00  INF]  Request starting HTTP/2 GET https://localhost:7045/swagger/swagger-ui-standalone-preset.js - null null
[2025-08-09 14:11:53.352 +03:00  INF]  Request starting HTTP/2 GET https://localhost:7045/_vs/browserLink - null null
[2025-08-09 14:11:53.369 +03:00  INF]  Request finished HTTP/2 GET https://localhost:7045/_framework/aspnetcore-browser-refresh.js - 200 16507 application/javascript; charset=utf-8 32.967ms
[2025-08-09 14:11:53.382 +03:00  INF]  Sending file. Request path: '/swagger-ui.css'. Physical path: 'N/A'
[2025-08-09 14:11:53.382 +03:00  INF]  Request finished HTTP/2 GET https://localhost:7045/swagger/swagger-ui.css - 200 152034 text/css 46.9632ms
[2025-08-09 14:11:53.388 +03:00  INF]  Sending file. Request path: '/swagger-ui-standalone-preset.js'. Physical path: 'N/A'
[2025-08-09 14:11:53.388 +03:00  INF]  Request finished HTTP/2 GET https://localhost:7045/swagger/swagger-ui-standalone-preset.js - 200 230280 text/javascript 52.0051ms
[2025-08-09 14:11:53.573 +03:00  INF]  Sending file. Request path: '/swagger-ui-bundle.js'. Physical path: 'N/A'
[2025-08-09 14:11:53.573 +03:00  INF]  Request finished HTTP/2 GET https://localhost:7045/swagger/swagger-ui-bundle.js - 200 1456926 text/javascript 236.7613ms
[2025-08-09 14:11:53.603 +03:00  INF]  Request finished HTTP/2 GET https://localhost:7045/_vs/browserLink - 200 null text/javascript; charset=UTF-8 251.4742ms
[2025-08-09 14:11:53.844 +03:00  INF]  Request starting HTTP/2 GET https://localhost:7045/swagger/v1/swagger.json - null null
[2025-08-09 14:11:53.852 +03:00  INF]  Request starting HTTP/2 GET https://localhost:7045/swagger/favicon-32x32.png - null null
[2025-08-09 14:11:53.853 +03:00  INF]  Sending file. Request path: '/favicon-32x32.png'. Physical path: 'N/A'
[2025-08-09 14:11:53.853 +03:00  INF]  Request finished HTTP/2 GET https://localhost:7045/swagger/favicon-32x32.png - 200 628 image/png 1.1039ms
[2025-08-09 14:11:53.914 +03:00  INF]  Request finished HTTP/2 GET https://localhost:7045/swagger/v1/swagger.json - 200 null application/json;charset=utf-8 71.0003ms
[2025-08-09 14:16:10.576 +03:00  INF]  User profile is available. Using 'C:\Users\Pro\AppData\Local\ASP.NET\DataProtection-Keys' as key repository and Windows DPAPI to encrypt keys at rest.
[2025-08-09 14:16:10.785 +03:00  WRN]  The WebRootPath was not found: D:\ItravelWebsite\API\ITravel_App\ITravel_App\wwwroot. Static files may be unavailable.
[2025-08-09 14:16:11.117 +03:00  INF]  Now listening on: https://localhost:7045
[2025-08-09 14:16:11.117 +03:00  INF]  Now listening on: http://localhost:5124
[2025-08-09 14:16:11.301 +03:00  INF]  Application started. Press Ctrl+C to shut down.
[2025-08-09 14:16:11.301 +03:00  INF]  Hosting environment: Development
[2025-08-09 14:16:11.301 +03:00  INF]  Content root path: D:\ItravelWebsite\API\ITravel_App\ITravel_App
[2025-08-09 14:16:12.243 +03:00  INF]  Request starting HTTP/2 GET https://localhost:7045/swagger/index.html - null null
[2025-08-09 14:16:12.723 +03:00  INF]  Request finished HTTP/2 GET https://localhost:7045/swagger/index.html - 200 null text/html;charset=utf-8 500.1399ms
[2025-08-09 14:16:12.858 +03:00  INF]  Request starting HTTP/2 GET https://localhost:7045/_framework/aspnetcore-browser-refresh.js - null null
[2025-08-09 14:16:12.863 +03:00  INF]  Request finished HTTP/2 GET https://localhost:7045/_framework/aspnetcore-browser-refresh.js - 200 16507 application/javascript; charset=utf-8 5.1513ms
[2025-08-09 14:16:13.100 +03:00  INF]  Request starting HTTP/2 GET https://localhost:7045/_vs/browserLink - null null
[2025-08-09 14:16:13.233 +03:00  INF]  Request finished HTTP/2 GET https://localhost:7045/_vs/browserLink - 200 null text/javascript; charset=UTF-8 133.6738ms
[2025-08-09 14:16:13.834 +03:00  INF]  Request starting HTTP/2 GET https://localhost:7045/swagger/v1/swagger.json - null null
[2025-08-09 14:16:13.862 +03:00  INF]  Request finished HTTP/2 GET https://localhost:7045/swagger/v1/swagger.json - 200 null application/json;charset=utf-8 28.2215ms
[2025-08-09 14:18:06.515 +03:00  INF]  Request starting HTTP/2 POST https://localhost:7045/api/Booking/GetClientWishList - application/json 86
[2025-08-09 14:18:09.687 +03:00  INF]  Executing endpoint 'ITravel_App.Controllers.BookingController.GetClientWishList (ITravel_App)'
[2025-08-09 14:18:09.759 +03:00  INF]  Route matched with {action = "GetClientWishList", controller = "Booking"}. Executing controller action with signature System.Threading.Tasks.Task`1[Microsoft.AspNetCore.Mvc.IActionResult] GetClientWishList(ITravelApp.Data.Models.trips.ClientWishListReq) on controller ITravel_App.Controllers.BookingController (ITravel_App).
[2025-08-09 14:18:13.420 +03:00  INF]  Executed DbCommand (155ms) [Parameters=[@__req_lang_code_0='?', @__req_currency_code_1='?', @__req_client_id_2='?', @__req_trip_type_3='?' (DbType = Int32)], CommandType='"Text"', CommandTimeout='30']
SELECT t.client_id, t.country_code, t.currency_code, t.default_img, t.dest_code, t.dest_default_name, t.destination_id, t.isfavourite, t.lang_code, t.pickup, t.show_in_slider, t.show_in_top, t.trip_code, t.trip_default_name, t.trip_description, t.trip_duration, t.trip_highlight, t.trip_id, t.trip_includes, t.trip_name, t.trip_origin_price, t.trip_sale_price, t.trip_trans_id, t.trip_type, t.wish_id, t.wsh_created_at
FROM tripwithdetails AS t
WHERE t.lang_code = @__req_lang_code_0 AND t.currency_code = @__req_currency_code_1 AND t.client_id = @__req_client_id_2 AND t.trip_type = @__req_trip_type_3 AND t.wish_id > 0
[2025-08-09 14:18:13.501 +03:00  INF]  Executing OkObjectResult, writing value of type 'System.Collections.Generic.List`1[[ITravelApp.Data.Models.trips.TripsAll, ITravelApp.Data, Version=1.0.0.0, Culture=neutral, PublicKeyToken=null]]'.
[2025-08-09 14:18:13.555 +03:00  INF]  Executed action ITravel_App.Controllers.BookingController.GetClientWishList (ITravel_App) in 3788.2231ms
[2025-08-09 14:18:13.556 +03:00  INF]  Executed endpoint 'ITravel_App.Controllers.BookingController.GetClientWishList (ITravel_App)'
[2025-08-09 14:18:13.568 +03:00  INF]  Request finished HTTP/2 POST https://localhost:7045/api/Booking/GetClientWishList - 200 null application/json; charset=utf-8 7053.7056ms
[2025-08-09 14:25:14.787 +03:00  INF]  Request starting HTTP/2 POST https://localhost:7045/api/Booking/AddTripToWishList - application/json 88
[2025-08-09 14:25:14.805 +03:00  INF]  Executing endpoint 'ITravel_App.Controllers.BookingController.AddTripToWishList (ITravel_App)'
[2025-08-09 14:25:14.816 +03:00  INF]  Route matched with {action = "AddTripToWishList", controller = "Booking"}. Executing controller action with signature Microsoft.AspNetCore.Mvc.IActionResult AddTripToWishList(ITravelApp.Data.Entities.trips_wishlist) on controller ITravel_App.Controllers.BookingController (ITravel_App).
[2025-08-09 14:25:15.081 +03:00  INF]  Executed DbCommand (11ms) [Parameters=[@__row_client_id_0='?', @__row_trip_id_1='?' (DbType = Int64)], CommandType='"Text"', CommandTimeout='30']
SELECT t.id, t.client_id, t.created_at, t.trip_id, t.trip_type
FROM trips_wishlist AS t
WHERE t.client_id = @__row_client_id_0 AND t.trip_id = @__row_trip_id_1
LIMIT 2
[2025-08-09 14:25:15.178 +03:00  INF]  Executed DbCommand (3ms) [Parameters=[], CommandType='"Text"', CommandTimeout='30']
SELECT count(*)::int
FROM trips_wishlist AS t
[2025-08-09 14:25:15.715 +03:00  INF]  Executed DbCommand (20ms) [Parameters=[@p0='?' (DbType = Int64), @p1='?', @p2='?' (DbType = DateTime2), @p3='?' (DbType = Int64), @p4='?' (DbType = Int16)], CommandType='"Text"', CommandTimeout='30']
INSERT INTO trips_wishlist (id, client_id, created_at, trip_id, trip_type)
VALUES (@p0, @p1, @p2, @p3, @p4);
[2025-08-09 14:25:15.733 +03:00  INF]  Executing OkObjectResult, writing value of type 'ITravelApp.Data.Models.ResponseCls'.
[2025-08-09 14:25:15.746 +03:00  INF]  Executed action ITravel_App.Controllers.BookingController.AddTripToWishList (ITravel_App) in 930.3279ms
[2025-08-09 14:25:15.746 +03:00  INF]  Executed endpoint 'ITravel_App.Controllers.BookingController.AddTripToWishList (ITravel_App)'
[2025-08-09 14:25:15.747 +03:00  INF]  Request finished HTTP/2 POST https://localhost:7045/api/Booking/AddTripToWishList - 200 null application/json; charset=utf-8 969.4958ms
[2025-08-09 14:26:07.157 +03:00  INF]  Request starting HTTP/2 POST https://localhost:7045/api/Booking/GetClientWishList - application/json 86
[2025-08-09 14:26:07.164 +03:00  INF]  Executing endpoint 'ITravel_App.Controllers.BookingController.GetClientWishList (ITravel_App)'
[2025-08-09 14:26:07.165 +03:00  INF]  Route matched with {action = "GetClientWishList", controller = "Booking"}. Executing controller action with signature System.Threading.Tasks.Task`1[Microsoft.AspNetCore.Mvc.IActionResult] GetClientWishList(ITravelApp.Data.Models.trips.ClientWishListReq) on controller ITravel_App.Controllers.BookingController (ITravel_App).
[2025-08-09 14:26:07.369 +03:00  INF]  Executed DbCommand (27ms) [Parameters=[@__req_lang_code_0='?', @__req_currency_code_1='?', @__req_client_id_2='?', @__req_trip_type_3='?' (DbType = Int32)], CommandType='"Text"', CommandTimeout='30']
SELECT t.client_id, t.country_code, t.currency_code, t.default_img, t.dest_code, t.dest_default_name, t.destination_id, t.isfavourite, t.lang_code, t.pickup, t.show_in_slider, t.show_in_top, t.trip_code, t.trip_default_name, t.trip_description, t.trip_duration, t.trip_highlight, t.trip_id, t.trip_includes, t.trip_name, t.trip_origin_price, t.trip_sale_price, t.trip_trans_id, t.trip_type, t.wish_id, t.wsh_created_at
FROM tripwithdetails AS t
WHERE t.lang_code = @__req_lang_code_0 AND t.currency_code = @__req_currency_code_1 AND t.client_id = @__req_client_id_2 AND t.trip_type = @__req_trip_type_3 AND t.wish_id > 0
[2025-08-09 14:26:07.611 +03:00  INF]  Executed DbCommand (10ms) [Parameters=[@__lang_code_1='?', @__trip_id_0='?' (DbType = Decimal)], CommandType='"Text"', CommandTimeout='30']
SELECT f0.facility_desc, f0.facility_name
FROM trip_facility AS t
LEFT JOIN (
    SELECT f.facility_desc, f.facility_id, f.facility_name
    FROM facility_translations AS f
    WHERE f.lang_code = @__lang_code_1
) AS f0 ON t.facility_id = f0.facility_id
WHERE t.trip_id::numeric = @__trip_id_0
[2025-08-09 14:26:07.652 +03:00  INF]  Executed DbCommand (9ms) [Parameters=[@__trip_id_0='?' (DbType = Decimal)], CommandType='"Text"', CommandTimeout='30']
SELECT t.id, t.created_at, t.created_by, t.img_name, t.img_path, t.is_default, t.trip_id, t.updated_at
FROM trip_imgs AS t
WHERE t.trip_id::numeric = @__trip_id_0
[2025-08-09 14:26:07.700 +03:00  INF]  Executing OkObjectResult, writing value of type 'System.Collections.Generic.List`1[[ITravelApp.Data.Models.trips.TripsAll, ITravelApp.Data, Version=1.0.0.0, Culture=neutral, PublicKeyToken=null]]'.
[2025-08-09 14:26:07.723 +03:00  INF]  Executed action ITravel_App.Controllers.BookingController.GetClientWishList (ITravel_App) in 557.8129ms
[2025-08-09 14:26:07.723 +03:00  INF]  Executed endpoint 'ITravel_App.Controllers.BookingController.GetClientWishList (ITravel_App)'
[2025-08-09 14:26:07.723 +03:00  INF]  Request finished HTTP/2 POST https://localhost:7045/api/Booking/GetClientWishList - 200 null application/json; charset=utf-8 566.5646ms
[2025-08-09 14:26:48.733 +03:00  INF]  Request starting HTTP/2 POST https://localhost:7045/api/Booking/GetClientWishList - application/json 86
[2025-08-09 14:26:48.739 +03:00  INF]  Executing endpoint 'ITravel_App.Controllers.BookingController.GetClientWishList (ITravel_App)'
[2025-08-09 14:26:48.739 +03:00  INF]  Route matched with {action = "GetClientWishList", controller = "Booking"}. Executing controller action with signature System.Threading.Tasks.Task`1[Microsoft.AspNetCore.Mvc.IActionResult] GetClientWishList(ITravelApp.Data.Models.trips.ClientWishListReq) on controller ITravel_App.Controllers.BookingController (ITravel_App).
[2025-08-09 14:26:48.746 +03:00  INF]  Executed DbCommand (4ms) [Parameters=[@__req_lang_code_0='?', @__req_currency_code_1='?', @__req_client_id_2='?', @__req_trip_type_3='?' (DbType = Int32)], CommandType='"Text"', CommandTimeout='30']
SELECT t.client_id, t.country_code, t.currency_code, t.default_img, t.dest_code, t.dest_default_name, t.destination_id, t.isfavourite, t.lang_code, t.pickup, t.show_in_slider, t.show_in_top, t.trip_code, t.trip_default_name, t.trip_description, t.trip_duration, t.trip_highlight, t.trip_id, t.trip_includes, t.trip_name, t.trip_origin_price, t.trip_sale_price, t.trip_trans_id, t.trip_type, t.wish_id, t.wsh_created_at
FROM tripwithdetails AS t
WHERE t.lang_code = @__req_lang_code_0 AND t.currency_code = @__req_currency_code_1 AND t.client_id = @__req_client_id_2 AND t.trip_type = @__req_trip_type_3 AND t.wish_id > 0
[2025-08-09 14:26:48.753 +03:00  INF]  Executing OkObjectResult, writing value of type 'System.Collections.Generic.List`1[[ITravelApp.Data.Models.trips.TripsAll, ITravelApp.Data, Version=1.0.0.0, Culture=neutral, PublicKeyToken=null]]'.
[2025-08-09 14:26:48.757 +03:00  INF]  Executed action ITravel_App.Controllers.BookingController.GetClientWishList (ITravel_App) in 14.4107ms
[2025-08-09 14:26:48.758 +03:00  INF]  Executed endpoint 'ITravel_App.Controllers.BookingController.GetClientWishList (ITravel_App)'
[2025-08-09 14:26:48.758 +03:00  INF]  Request finished HTTP/2 POST https://localhost:7045/api/Booking/GetClientWishList - 200 null application/json; charset=utf-8 27.7694ms
[2025-08-09 14:27:46.285 +03:00  INF]  Request starting HTTP/2 POST https://localhost:7045/api/Booking/GetClientWishList - application/json 86
[2025-08-09 14:27:46.286 +03:00  INF]  Executing endpoint 'ITravel_App.Controllers.BookingController.GetClientWishList (ITravel_App)'
[2025-08-09 14:27:46.286 +03:00  INF]  Route matched with {action = "GetClientWishList", controller = "Booking"}. Executing controller action with signature System.Threading.Tasks.Task`1[Microsoft.AspNetCore.Mvc.IActionResult] GetClientWishList(ITravelApp.Data.Models.trips.ClientWishListReq) on controller ITravel_App.Controllers.BookingController (ITravel_App).
[2025-08-09 14:27:46.293 +03:00  INF]  Executed DbCommand (5ms) [Parameters=[@__req_lang_code_0='?', @__req_currency_code_1='?', @__req_client_id_2='?', @__req_trip_type_3='?' (DbType = Int32)], CommandType='"Text"', CommandTimeout='30']
SELECT t.client_id, t.country_code, t.currency_code, t.default_img, t.dest_code, t.dest_default_name, t.destination_id, t.isfavourite, t.lang_code, t.pickup, t.show_in_slider, t.show_in_top, t.trip_code, t.trip_default_name, t.trip_description, t.trip_duration, t.trip_highlight, t.trip_id, t.trip_includes, t.trip_name, t.trip_origin_price, t.trip_sale_price, t.trip_trans_id, t.trip_type, t.wish_id, t.wsh_created_at
FROM tripwithdetails AS t
WHERE t.lang_code = @__req_lang_code_0 AND t.currency_code = @__req_currency_code_1 AND t.client_id = @__req_client_id_2 AND t.trip_type = @__req_trip_type_3 AND t.wish_id > 0
[2025-08-09 14:27:46.300 +03:00  INF]  Executed DbCommand (1ms) [Parameters=[@__lang_code_1='?', @__trip_id_0='?' (DbType = Decimal)], CommandType='"Text"', CommandTimeout='30']
SELECT f0.facility_desc, f0.facility_name
FROM trip_facility AS t
LEFT JOIN (
    SELECT f.facility_desc, f.facility_id, f.facility_name
    FROM facility_translations AS f
    WHERE f.lang_code = @__lang_code_1
) AS f0 ON t.facility_id = f0.facility_id
WHERE t.trip_id::numeric = @__trip_id_0
[2025-08-09 14:27:46.304 +03:00  INF]  Executed DbCommand (2ms) [Parameters=[@__trip_id_0='?' (DbType = Decimal)], CommandType='"Text"', CommandTimeout='30']
SELECT t.id, t.created_at, t.created_by, t.img_name, t.img_path, t.is_default, t.trip_id, t.updated_at
FROM trip_imgs AS t
WHERE t.trip_id::numeric = @__trip_id_0
[2025-08-09 14:27:46.357 +03:00  INF]  Executing OkObjectResult, writing value of type 'System.Collections.Generic.List`1[[ITravelApp.Data.Models.trips.TripsAll, ITravelApp.Data, Version=1.0.0.0, Culture=neutral, PublicKeyToken=null]]'.
[2025-08-09 14:27:46.358 +03:00  INF]  Executed action ITravel_App.Controllers.BookingController.GetClientWishList (ITravel_App) in 71.7294ms
[2025-08-09 14:27:46.358 +03:00  INF]  Executed endpoint 'ITravel_App.Controllers.BookingController.GetClientWishList (ITravel_App)'
[2025-08-09 14:27:46.359 +03:00  INF]  Request finished HTTP/2 POST https://localhost:7045/api/Booking/GetClientWishList - 200 null application/json; charset=utf-8 74.8751ms
[2025-08-09 14:28:33.542 +03:00  INF]  Request starting HTTP/2 POST https://localhost:7045/api/TravelClient/GetTripsAll - application/json 96
[2025-08-09 14:28:33.554 +03:00  INF]  Executing endpoint 'ITravel_App.Controllers.TravelClientController.GetTripsAll (ITravel_App)'
[2025-08-09 14:28:33.559 +03:00  INF]  Route matched with {action = "GetTripsAll", controller = "TravelClient"}. Executing controller action with signature System.Threading.Tasks.Task`1[Microsoft.AspNetCore.Mvc.IActionResult] GetTripsAll(ITravelApp.Data.Models.trips.TripsReq) on controller ITravel_App.Controllers.TravelClientController (ITravel_App).
[2025-08-09 14:28:33.605 +03:00  INF]  Executed DbCommand (6ms) [Parameters=[@__req_lang_code_0='?', @__req_currency_code_1='?'], CommandType='"Text"', CommandTimeout='30']
SELECT t.client_id, t.country_code, t.currency_code, t.default_img, t.dest_code, t.dest_default_name, t.destination_id, t.isfavourite, t.lang_code, t.pickup, t.show_in_slider, t.show_in_top, t.trip_code, t.trip_default_name, t.trip_description, t.trip_duration, t.trip_highlight, t.trip_id, t.trip_includes, t.trip_name, t.trip_origin_price, t.trip_sale_price, t.trip_trans_id, t.trip_type, t.wish_id, t.wsh_created_at
FROM tripwithdetails AS t
WHERE t.lang_code = @__req_lang_code_0 AND (t.show_in_top = t.show_in_top OR t.show_in_top IS NULL) AND (t.destination_id = t.destination_id OR t.destination_id IS NULL) AND t.currency_code = @__req_currency_code_1
[2025-08-09 14:28:33.610 +03:00  INF]  Executed DbCommand (1ms) [Parameters=[@__lang_code_1='?', @__trip_id_0='?' (DbType = Decimal)], CommandType='"Text"', CommandTimeout='30']
SELECT f0.facility_desc, f0.facility_name
FROM trip_facility AS t
LEFT JOIN (
    SELECT f.facility_desc, f.facility_id, f.facility_name
    FROM facility_translations AS f
    WHERE f.lang_code = @__lang_code_1
) AS f0 ON t.facility_id = f0.facility_id
WHERE t.trip_id::numeric = @__trip_id_0
[2025-08-09 14:28:33.613 +03:00  INF]  Executed DbCommand (2ms) [Parameters=[@__trip_id_0='?' (DbType = Decimal)], CommandType='"Text"', CommandTimeout='30']
SELECT t.id, t.created_at, t.created_by, t.img_name, t.img_path, t.is_default, t.trip_id, t.updated_at
FROM trip_imgs AS t
WHERE t.trip_id::numeric = @__trip_id_0
[2025-08-09 14:28:33.614 +03:00  INF]  Executing OkObjectResult, writing value of type 'System.Collections.Generic.List`1[[ITravelApp.Data.Models.trips.TripsAll, ITravelApp.Data, Version=1.0.0.0, Culture=neutral, PublicKeyToken=null]]'.
[2025-08-09 14:28:33.614 +03:00  INF]  Executed action ITravel_App.Controllers.TravelClientController.GetTripsAll (ITravel_App) in 54.4815ms
[2025-08-09 14:28:33.614 +03:00  INF]  Executed endpoint 'ITravel_App.Controllers.TravelClientController.GetTripsAll (ITravel_App)'
[2025-08-09 14:28:33.617 +03:00  INF]  Request finished HTTP/2 POST https://localhost:7045/api/TravelClient/GetTripsAll - 200 null application/json; charset=utf-8 77.9667ms
